{"C:\\Users\\rumbi\\Desktop\\Tomato\\backend\\controllers\\ChatController.ts": {"path":"C:\\Users\\rumbi\\Desktop\\Tomato\\backend\\controllers\\ChatController.ts","statementMap":{"0":{"start":{"line":1,"column":0},"end":{"line":1,"column":47}},"1":{"start":{"line":2,"column":0},"end":{"line":2,"column":53}},"2":{"start":{"line":3,"column":0},"end":{"line":3,"column":53}},"3":{"start":{"line":5,"column":0},"end":{"line":5,"column":71}},"4":{"start":{"line":14,"column":4},"end":{"line":30,"column":null}},"5":{"start":{"line":14,"column":55},"end":{"line":30,"column":null}},"6":{"start":{"line":15,"column":8},"end":{"line":18,"column":9}},"7":{"start":{"line":16,"column":12},"end":{"line":16,"column":62}},"8":{"start":{"line":17,"column":12},"end":{"line":17,"column":19}},"9":{"start":{"line":19,"column":19},"end":{"line":19,"column":27}},"10":{"start":{"line":20,"column":19},"end":{"line":20,"column":30}},"11":{"start":{"line":21,"column":8},"end":{"line":24,"column":9}},"12":{"start":{"line":22,"column":12},"end":{"line":22,"column":59}},"13":{"start":{"line":23,"column":12},"end":{"line":23,"column":19}},"14":{"start":{"line":25,"column":8},"end":{"line":28,"column":9}},"15":{"start":{"line":26,"column":12},"end":{"line":26,"column":60}},"16":{"start":{"line":27,"column":12},"end":{"line":27,"column":19}},"17":{"start":{"line":29,"column":8},"end":{"line":29,"column":null}},"18":{"start":{"line":32,"column":4},"end":{"line":40,"column":null}},"19":{"start":{"line":32,"column":68},"end":{"line":40,"column":null}},"20":{"start":{"line":33,"column":8},"end":{"line":36,"column":9}},"21":{"start":{"line":34,"column":12},"end":{"line":34,"column":62}},"22":{"start":{"line":35,"column":12},"end":{"line":35,"column":19}},"23":{"start":{"line":38,"column":23},"end":{"line":38,"column":34}},"24":{"start":{"line":39,"column":8},"end":{"line":39,"column":58}},"25":{"start":{"line":42,"column":4},"end":{"line":59,"column":null}},"26":{"start":{"line":42,"column":75},"end":{"line":59,"column":null}},"27":{"start":{"line":43,"column":8},"end":{"line":46,"column":9}},"28":{"start":{"line":44,"column":12},"end":{"line":44,"column":62}},"29":{"start":{"line":45,"column":12},"end":{"line":45,"column":19}},"30":{"start":{"line":47,"column":23},"end":{"line":47,"column":36}},"31":{"start":{"line":48,"column":19},"end":{"line":48,"column":30}},"32":{"start":{"line":49,"column":21},"end":{"line":49,"column":53}},"33":{"start":{"line":50,"column":8},"end":{"line":53,"column":9}},"34":{"start":{"line":51,"column":12},"end":{"line":51,"column":64}},"35":{"start":{"line":52,"column":12},"end":{"line":52,"column":19}},"36":{"start":{"line":54,"column":8},"end":{"line":57,"column":9}},"37":{"start":{"line":55,"column":12},"end":{"line":55,"column":60}},"38":{"start":{"line":56,"column":12},"end":{"line":56,"column":19}},"39":{"start":{"line":58,"column":8},"end":{"line":58,"column":65}},"40":{"start":{"line":61,"column":4},"end":{"line":78,"column":null}},"41":{"start":{"line":61,"column":55},"end":{"line":78,"column":null}},"42":{"start":{"line":62,"column":8},"end":{"line":65,"column":9}},"43":{"start":{"line":63,"column":12},"end":{"line":63,"column":62}},"44":{"start":{"line":64,"column":12},"end":{"line":64,"column":19}},"45":{"start":{"line":66,"column":22},"end":{"line":66,"column":30}},"46":{"start":{"line":67,"column":19},"end":{"line":67,"column":30}},"47":{"start":{"line":68,"column":8},"end":{"line":71,"column":9}},"48":{"start":{"line":69,"column":12},"end":{"line":69,"column":null}},"49":{"start":{"line":70,"column":12},"end":{"line":70,"column":19}},"50":{"start":{"line":72,"column":8},"end":{"line":75,"column":9}},"51":{"start":{"line":73,"column":12},"end":{"line":73,"column":null}},"52":{"start":{"line":74,"column":12},"end":{"line":74,"column":19}},"53":{"start":{"line":76,"column":26},"end":{"line":76,"column":39}},"54":{"start":{"line":77,"column":8},"end":{"line":77,"column":null}},"55":{"start":{"line":81,"column":4},"end":{"line":98,"column":null}},"56":{"start":{"line":81,"column":58},"end":{"line":98,"column":null}},"57":{"start":{"line":82,"column":8},"end":{"line":85,"column":9}},"58":{"start":{"line":83,"column":12},"end":{"line":83,"column":62}},"59":{"start":{"line":84,"column":12},"end":{"line":84,"column":18}},"60":{"start":{"line":86,"column":26},"end":{"line":86,"column":47}},"61":{"start":{"line":87,"column":19},"end":{"line":87,"column":30}},"62":{"start":{"line":88,"column":24},"end":{"line":88,"column":62}},"63":{"start":{"line":89,"column":8},"end":{"line":92,"column":9}},"64":{"start":{"line":90,"column":12},"end":{"line":90,"column":65}},"65":{"start":{"line":91,"column":12},"end":{"line":91,"column":19}},"66":{"start":{"line":93,"column":8},"end":{"line":96,"column":9}},"67":{"start":{"line":94,"column":12},"end":{"line":94,"column":null}},"68":{"start":{"line":95,"column":12},"end":{"line":95,"column":19}},"69":{"start":{"line":97,"column":8},"end":{"line":97,"column":null}},"70":{"start":{"line":100,"column":4},"end":{"line":117,"column":null}},"71":{"start":{"line":100,"column":55},"end":{"line":117,"column":null}},"72":{"start":{"line":101,"column":8},"end":{"line":104,"column":9}},"73":{"start":{"line":102,"column":12},"end":{"line":102,"column":62}},"74":{"start":{"line":103,"column":12},"end":{"line":103,"column":18}},"75":{"start":{"line":105,"column":23},"end":{"line":105,"column":36}},"76":{"start":{"line":106,"column":19},"end":{"line":106,"column":30}},"77":{"start":{"line":107,"column":21},"end":{"line":107,"column":53}},"78":{"start":{"line":108,"column":8},"end":{"line":111,"column":9}},"79":{"start":{"line":109,"column":12},"end":{"line":109,"column":62}},"80":{"start":{"line":110,"column":12},"end":{"line":110,"column":19}},"81":{"start":{"line":112,"column":8},"end":{"line":115,"column":9}},"82":{"start":{"line":113,"column":12},"end":{"line":113,"column":null}},"83":{"start":{"line":114,"column":12},"end":{"line":114,"column":19}},"84":{"start":{"line":116,"column":8},"end":{"line":116,"column":null}},"85":{"start":{"line":11,"column":8},"end":{"line":11,"column":45}},"86":{"start":{"line":7,"column":0},"end":{"line":7,"column":13}}},"fnMap":{"0":{"name":"(anonymous_7)","decl":{"start":{"line":10,"column":4},"end":{"line":10,"column":null}},"loc":{"start":{"line":10,"column":4},"end":{"line":12,"column":5}}},"1":{"name":"(anonymous_8)","decl":{"start":{"line":14,"column":17},"end":{"line":14,"column":24}},"loc":{"start":{"line":14,"column":55},"end":{"line":30,"column":null}}},"2":{"name":"(anonymous_9)","decl":{"start":{"line":14,"column":55},"end":{"line":14,"column":null}},"loc":{"start":{"line":14,"column":55},"end":{"line":30,"column":5}}},"3":{"name":"(anonymous_10)","decl":{"start":{"line":32,"column":15},"end":{"line":32,"column":22}},"loc":{"start":{"line":32,"column":68},"end":{"line":40,"column":null}}},"4":{"name":"(anonymous_11)","decl":{"start":{"line":32,"column":68},"end":{"line":32,"column":null}},"loc":{"start":{"line":32,"column":68},"end":{"line":40,"column":5}}},"5":{"name":"(anonymous_12)","decl":{"start":{"line":42,"column":22},"end":{"line":42,"column":29}},"loc":{"start":{"line":42,"column":75},"end":{"line":59,"column":null}}},"6":{"name":"(anonymous_13)","decl":{"start":{"line":42,"column":75},"end":{"line":42,"column":null}},"loc":{"start":{"line":42,"column":75},"end":{"line":59,"column":5}}},"7":{"name":"(anonymous_14)","decl":{"start":{"line":61,"column":17},"end":{"line":61,"column":24}},"loc":{"start":{"line":61,"column":55},"end":{"line":78,"column":null}}},"8":{"name":"(anonymous_15)","decl":{"start":{"line":61,"column":55},"end":{"line":61,"column":null}},"loc":{"start":{"line":61,"column":55},"end":{"line":78,"column":5}}},"9":{"name":"(anonymous_16)","decl":{"start":{"line":81,"column":20},"end":{"line":81,"column":27}},"loc":{"start":{"line":81,"column":58},"end":{"line":98,"column":null}}},"10":{"name":"(anonymous_17)","decl":{"start":{"line":81,"column":58},"end":{"line":81,"column":null}},"loc":{"start":{"line":81,"column":58},"end":{"line":98,"column":5}}},"11":{"name":"(anonymous_18)","decl":{"start":{"line":100,"column":17},"end":{"line":100,"column":24}},"loc":{"start":{"line":100,"column":55},"end":{"line":117,"column":null}}},"12":{"name":"(anonymous_19)","decl":{"start":{"line":100,"column":55},"end":{"line":100,"column":null}},"loc":{"start":{"line":100,"column":55},"end":{"line":117,"column":5}}}},"branchMap":{"0":{"loc":{"start":{"line":15,"column":8},"end":{"line":18,"column":9}},"type":"if","locations":[{"start":{"line":15,"column":8},"end":{"line":18,"column":9}}]},"1":{"loc":{"start":{"line":21,"column":8},"end":{"line":24,"column":9}},"type":"if","locations":[{"start":{"line":21,"column":8},"end":{"line":24,"column":9}}]},"2":{"loc":{"start":{"line":21,"column":12},"end":{"line":21,"column":44}},"type":"binary-expr","locations":[{"start":{"line":21,"column":12},"end":{"line":21,"column":26}},{"start":{"line":21,"column":30},"end":{"line":21,"column":44}}]},"3":{"loc":{"start":{"line":25,"column":8},"end":{"line":28,"column":9}},"type":"if","locations":[{"start":{"line":25,"column":8},"end":{"line":28,"column":9}}]},"4":{"loc":{"start":{"line":25,"column":12},"end":{"line":25,"column":58}},"type":"binary-expr","locations":[{"start":{"line":25,"column":12},"end":{"line":25,"column":33}},{"start":{"line":25,"column":37},"end":{"line":25,"column":58}}]},"5":{"loc":{"start":{"line":33,"column":8},"end":{"line":36,"column":9}},"type":"if","locations":[{"start":{"line":33,"column":8},"end":{"line":36,"column":9}}]},"6":{"loc":{"start":{"line":43,"column":8},"end":{"line":46,"column":9}},"type":"if","locations":[{"start":{"line":43,"column":8},"end":{"line":46,"column":9}}]},"7":{"loc":{"start":{"line":50,"column":8},"end":{"line":53,"column":9}},"type":"if","locations":[{"start":{"line":50,"column":8},"end":{"line":53,"column":9}}]},"8":{"loc":{"start":{"line":54,"column":8},"end":{"line":57,"column":9}},"type":"if","locations":[{"start":{"line":54,"column":8},"end":{"line":57,"column":9}}]},"9":{"loc":{"start":{"line":54,"column":12},"end":{"line":54,"column":58}},"type":"binary-expr","locations":[{"start":{"line":54,"column":12},"end":{"line":54,"column":33}},{"start":{"line":54,"column":37},"end":{"line":54,"column":58}}]},"10":{"loc":{"start":{"line":62,"column":8},"end":{"line":65,"column":9}},"type":"if","locations":[{"start":{"line":62,"column":8},"end":{"line":65,"column":9}}]},"11":{"loc":{"start":{"line":68,"column":8},"end":{"line":71,"column":9}},"type":"if","locations":[{"start":{"line":68,"column":8},"end":{"line":71,"column":9}}]},"12":{"loc":{"start":{"line":68,"column":12},"end":{"line":68,"column":47}},"type":"binary-expr","locations":[{"start":{"line":68,"column":12},"end":{"line":68,"column":27}},{"start":{"line":68,"column":31},"end":{"line":68,"column":47}}]},"13":{"loc":{"start":{"line":72,"column":8},"end":{"line":75,"column":9}},"type":"if","locations":[{"start":{"line":72,"column":8},"end":{"line":75,"column":9}}]},"14":{"loc":{"start":{"line":72,"column":12},"end":{"line":72,"column":44}},"type":"binary-expr","locations":[{"start":{"line":72,"column":12},"end":{"line":72,"column":17}},{"start":{"line":72,"column":21},"end":{"line":72,"column":44}}]},"15":{"loc":{"start":{"line":82,"column":8},"end":{"line":85,"column":9}},"type":"if","locations":[{"start":{"line":82,"column":8},"end":{"line":85,"column":9}}]},"16":{"loc":{"start":{"line":89,"column":8},"end":{"line":92,"column":9}},"type":"if","locations":[{"start":{"line":89,"column":8},"end":{"line":92,"column":9}}]},"17":{"loc":{"start":{"line":93,"column":8},"end":{"line":96,"column":9}},"type":"if","locations":[{"start":{"line":93,"column":8},"end":{"line":96,"column":9}}]},"18":{"loc":{"start":{"line":101,"column":8},"end":{"line":104,"column":9}},"type":"if","locations":[{"start":{"line":101,"column":8},"end":{"line":104,"column":9}}]},"19":{"loc":{"start":{"line":108,"column":8},"end":{"line":111,"column":9}},"type":"if","locations":[{"start":{"line":108,"column":8},"end":{"line":111,"column":9}}]},"20":{"loc":{"start":{"line":112,"column":8},"end":{"line":115,"column":9}},"type":"if","locations":[{"start":{"line":112,"column":8},"end":{"line":115,"column":9}}]},"21":{"loc":{"start":{"line":112,"column":12},"end":{"line":112,"column":58}},"type":"binary-expr","locations":[{"start":{"line":112,"column":12},"end":{"line":112,"column":33}},{"start":{"line":112,"column":37},"end":{"line":112,"column":58}}]}},"s":{"0":1,"1":1,"2":1,"3":1,"4":1,"5":26,"6":26,"7":1,"8":1,"9":25,"10":25,"11":25,"12":1,"13":1,"14":24,"15":1,"16":1,"17":23,"18":1,"19":2,"20":2,"21":1,"22":1,"23":1,"24":1,"25":1,"26":4,"27":4,"28":1,"29":1,"30":3,"31":3,"32":3,"33":3,"34":1,"35":1,"36":2,"37":1,"38":1,"39":1,"40":1,"41":9,"42":9,"43":1,"44":1,"45":8,"46":8,"47":8,"48":1,"49":1,"50":7,"51":1,"52":1,"53":6,"54":6,"55":1,"56":4,"57":4,"58":1,"59":1,"60":3,"61":3,"62":3,"63":3,"64":1,"65":1,"66":2,"67":1,"68":1,"69":1,"70":1,"71":4,"72":4,"73":1,"74":1,"75":3,"76":3,"77":3,"78":3,"79":1,"80":1,"81":2,"82":1,"83":1,"84":1,"85":1,"86":1},"f":{"0":1,"1":26,"2":26,"3":2,"4":2,"5":4,"6":4,"7":9,"8":9,"9":4,"10":4,"11":4,"12":4},"b":{"0":[1],"1":[1],"2":[25,25],"3":[1],"4":[24,16],"5":[1],"6":[1],"7":[1],"8":[1],"9":[2,2],"10":[1],"11":[1],"12":[8,7],"13":[1],"14":[7,7],"15":[1],"16":[1],"17":[1],"18":[1],"19":[1],"20":[1],"21":[2,2]}}
,"C:\\Users\\rumbi\\Desktop\\Tomato\\backend\\controllers\\PostController.ts": {"path":"C:\\Users\\rumbi\\Desktop\\Tomato\\backend\\controllers\\PostController.ts","statementMap":{"0":{"start":{"line":1,"column":0},"end":{"line":1,"column":53}},"1":{"start":{"line":3,"column":0},"end":{"line":3,"column":63}},"2":{"start":{"line":4,"column":0},"end":{"line":4,"column":53}},"3":{"start":{"line":5,"column":0},"end":{"line":5,"column":71}},"4":{"start":{"line":24,"column":4},"end":{"line":42,"column":null}},"5":{"start":{"line":24,"column":55},"end":{"line":42,"column":null}},"6":{"start":{"line":25,"column":8},"end":{"line":28,"column":9}},"7":{"start":{"line":26,"column":12},"end":{"line":26,"column":62}},"8":{"start":{"line":27,"column":12},"end":{"line":27,"column":19}},"9":{"start":{"line":29,"column":24},"end":{"line":29,"column":43}},"10":{"start":{"line":30,"column":8},"end":{"line":30,"column":37}},"11":{"start":{"line":31,"column":23},"end":{"line":34,"column":11}},"12":{"start":{"line":31,"column":73},"end":{"line":34,"column":10}},"13":{"start":{"line":36,"column":18},"end":{"line":38,"column":null}},"14":{"start":{"line":41,"column":8},"end":{"line":41,"column":null}},"15":{"start":{"line":44,"column":4},"end":{"line":62,"column":6}},"16":{"start":{"line":44,"column":73},"end":{"line":62,"column":6}},"17":{"start":{"line":45,"column":8},"end":{"line":61,"column":9}},"18":{"start":{"line":46,"column":85},"end":{"line":46,"column":108}},"19":{"start":{"line":49,"column":12},"end":{"line":54,"column":15}},"20":{"start":{"line":57,"column":12},"end":{"line":60,"column":13}},"21":{"start":{"line":58,"column":16},"end":{"line":58,"column":null}},"22":{"start":{"line":59,"column":16},"end":{"line":59,"column":75}},"23":{"start":{"line":65,"column":4},"end":{"line":98,"column":null}},"24":{"start":{"line":65,"column":69},"end":{"line":98,"column":null}},"25":{"start":{"line":66,"column":8},"end":{"line":69,"column":9}},"26":{"start":{"line":67,"column":12},"end":{"line":67,"column":62}},"27":{"start":{"line":68,"column":12},"end":{"line":68,"column":19}},"28":{"start":{"line":71,"column":8},"end":{"line":95,"column":9}},"29":{"start":{"line":72,"column":79},"end":{"line":72,"column":88}},"30":{"start":{"line":75,"column":35},"end":{"line":75,"column":90}},"31":{"start":{"line":76,"column":33},"end":{"line":76,"column":84}},"32":{"start":{"line":77,"column":36},"end":{"line":77,"column":93}},"33":{"start":{"line":78,"column":34},"end":{"line":78,"column":87}},"34":{"start":{"line":80,"column":39},"end":{"line":80,"column":61}},"35":{"start":{"line":82,"column":27},"end":{"line":82,"column":38}},"36":{"start":{"line":83,"column":12},"end":{"line":85,"column":null}},"37":{"start":{"line":86,"column":12},"end":{"line":86,"column":18}},"38":{"start":{"line":90,"column":12},"end":{"line":94,"column":13}},"39":{"start":{"line":91,"column":16},"end":{"line":91,"column":null}},"40":{"start":{"line":92,"column":16},"end":{"line":92,"column":75}},"41":{"start":{"line":93,"column":16},"end":{"line":93,"column":22}},"42":{"start":{"line":100,"column":4},"end":{"line":107,"column":null}},"43":{"start":{"line":100,"column":56},"end":{"line":107,"column":null}},"44":{"start":{"line":101,"column":23},"end":{"line":101,"column":36}},"45":{"start":{"line":102,"column":27},"end":{"line":104,"column":10}},"46":{"start":{"line":106,"column":8},"end":{"line":106,"column":31}},"47":{"start":{"line":109,"column":4},"end":{"line":118,"column":null}},"48":{"start":{"line":109,"column":70},"end":{"line":118,"column":null}},"49":{"start":{"line":110,"column":8},"end":{"line":113,"column":9}},"50":{"start":{"line":111,"column":12},"end":{"line":111,"column":62}},"51":{"start":{"line":112,"column":12},"end":{"line":112,"column":19}},"52":{"start":{"line":114,"column":23},"end":{"line":114,"column":36}},"53":{"start":{"line":115,"column":28},"end":{"line":115,"column":44}},"54":{"start":{"line":116,"column":8},"end":{"line":116,"column":null}},"55":{"start":{"line":117,"column":8},"end":{"line":117,"column":null}},"56":{"start":{"line":120,"column":4},"end":{"line":140,"column":null}},"57":{"start":{"line":120,"column":70},"end":{"line":140,"column":null}},"58":{"start":{"line":121,"column":8},"end":{"line":124,"column":9}},"59":{"start":{"line":122,"column":12},"end":{"line":122,"column":62}},"60":{"start":{"line":123,"column":12},"end":{"line":123,"column":19}},"61":{"start":{"line":125,"column":23},"end":{"line":125,"column":36}},"62":{"start":{"line":128,"column":23},"end":{"line":128,"column":34}},"63":{"start":{"line":129,"column":21},"end":{"line":129,"column":53}},"64":{"start":{"line":130,"column":8},"end":{"line":139,"column":9}},"65":{"start":{"line":131,"column":12},"end":{"line":131,"column":null}},"66":{"start":{"line":133,"column":12},"end":{"line":138,"column":12}},"67":{"start":{"line":134,"column":16},"end":{"line":134,"column":null}},"68":{"start":{"line":137,"column":16},"end":{"line":137,"column":null}},"69":{"start":{"line":21,"column":8},"end":{"line":21,"column":45}},"70":{"start":{"line":17,"column":0},"end":{"line":17,"column":13}},"71":{"start":{"line":147,"column":57},"end":{"line":147,"column":66}},"72":{"start":{"line":150,"column":27},"end":{"line":150,"column":82}},"73":{"start":{"line":151,"column":25},"end":{"line":151,"column":76}},"74":{"start":{"line":152,"column":28},"end":{"line":152,"column":85}},"75":{"start":{"line":153,"column":26},"end":{"line":153,"column":79}},"76":{"start":{"line":155,"column":4},"end":{"line":160,"column":null}}},"fnMap":{"0":{"name":"(anonymous_8)","decl":{"start":{"line":20,"column":4},"end":{"line":20,"column":null}},"loc":{"start":{"line":20,"column":4},"end":{"line":22,"column":5}}},"1":{"name":"(anonymous_9)","decl":{"start":{"line":24,"column":17},"end":{"line":24,"column":24}},"loc":{"start":{"line":24,"column":55},"end":{"line":42,"column":null}}},"2":{"name":"(anonymous_10)","decl":{"start":{"line":24,"column":55},"end":{"line":24,"column":null}},"loc":{"start":{"line":24,"column":55},"end":{"line":42,"column":5}}},"3":{"name":"(anonymous_11)","decl":{"start":{"line":31,"column":44},"end":{"line":31,"column":45}},"loc":{"start":{"line":31,"column":73},"end":{"line":34,"column":10}}},"4":{"name":"(anonymous_12)","decl":{"start":{"line":44,"column":20},"end":{"line":44,"column":27}},"loc":{"start":{"line":44,"column":73},"end":{"line":62,"column":6}}},"5":{"name":"(anonymous_13)","decl":{"start":{"line":44,"column":73},"end":{"line":44,"column":null}},"loc":{"start":{"line":44,"column":73},"end":{"line":62,"column":5}}},"6":{"name":"(anonymous_14)","decl":{"start":{"line":65,"column":31},"end":{"line":65,"column":38}},"loc":{"start":{"line":65,"column":69},"end":{"line":98,"column":null}}},"7":{"name":"(anonymous_15)","decl":{"start":{"line":65,"column":69},"end":{"line":65,"column":null}},"loc":{"start":{"line":65,"column":69},"end":{"line":98,"column":5}}},"8":{"name":"(anonymous_16)","decl":{"start":{"line":100,"column":18},"end":{"line":100,"column":25}},"loc":{"start":{"line":100,"column":56},"end":{"line":107,"column":null}}},"9":{"name":"(anonymous_17)","decl":{"start":{"line":100,"column":56},"end":{"line":100,"column":null}},"loc":{"start":{"line":100,"column":56},"end":{"line":107,"column":5}}},"10":{"name":"(anonymous_18)","decl":{"start":{"line":109,"column":17},"end":{"line":109,"column":24}},"loc":{"start":{"line":109,"column":70},"end":{"line":118,"column":null}}},"11":{"name":"(anonymous_19)","decl":{"start":{"line":109,"column":70},"end":{"line":109,"column":null}},"loc":{"start":{"line":109,"column":70},"end":{"line":118,"column":5}}},"12":{"name":"(anonymous_20)","decl":{"start":{"line":120,"column":17},"end":{"line":120,"column":24}},"loc":{"start":{"line":120,"column":70},"end":{"line":140,"column":null}}},"13":{"name":"(anonymous_21)","decl":{"start":{"line":120,"column":70},"end":{"line":120,"column":null}},"loc":{"start":{"line":120,"column":70},"end":{"line":140,"column":5}}},"14":{"name":"parseLocationParam","decl":{"start":{"line":146,"column":9},"end":{"line":146,"column":27}},"loc":{"start":{"line":146,"column":40},"end":{"line":162,"column":1}}}},"branchMap":{"0":{"loc":{"start":{"line":25,"column":8},"end":{"line":28,"column":9}},"type":"if","locations":[{"start":{"line":25,"column":8},"end":{"line":28,"column":9}}]},"1":{"loc":{"start":{"line":57,"column":12},"end":{"line":60,"column":13}},"type":"if","locations":[{"start":{"line":57,"column":12},"end":{"line":60,"column":13}}]},"2":{"loc":{"start":{"line":66,"column":8},"end":{"line":69,"column":9}},"type":"if","locations":[{"start":{"line":66,"column":8},"end":{"line":69,"column":9}}]},"3":{"loc":{"start":{"line":75,"column":35},"end":{"line":75,"column":90}},"type":"cond-expr","locations":[{"start":{"line":75,"column":47},"end":{"line":75,"column":78}},{"start":{"line":75,"column":81},"end":{"line":75,"column":90}}]},"4":{"loc":{"start":{"line":76,"column":33},"end":{"line":76,"column":84}},"type":"cond-expr","locations":[{"start":{"line":76,"column":43},"end":{"line":76,"column":72}},{"start":{"line":76,"column":75},"end":{"line":76,"column":84}}]},"5":{"loc":{"start":{"line":77,"column":36},"end":{"line":77,"column":93}},"type":"cond-expr","locations":[{"start":{"line":77,"column":49},"end":{"line":77,"column":81}},{"start":{"line":77,"column":84},"end":{"line":77,"column":93}}]},"6":{"loc":{"start":{"line":78,"column":34},"end":{"line":78,"column":87}},"type":"cond-expr","locations":[{"start":{"line":78,"column":45},"end":{"line":78,"column":75}},{"start":{"line":78,"column":78},"end":{"line":78,"column":87}}]},"7":{"loc":{"start":{"line":90,"column":12},"end":{"line":94,"column":13}},"type":"if","locations":[{"start":{"line":90,"column":12},"end":{"line":94,"column":13}}]},"8":{"loc":{"start":{"line":110,"column":8},"end":{"line":113,"column":9}},"type":"if","locations":[{"start":{"line":110,"column":8},"end":{"line":113,"column":9}}]},"9":{"loc":{"start":{"line":121,"column":8},"end":{"line":124,"column":9}},"type":"if","locations":[{"start":{"line":121,"column":8},"end":{"line":124,"column":9}}]},"10":{"loc":{"start":{"line":130,"column":8},"end":{"line":139,"column":9}},"type":"if","locations":[{"start":{"line":130,"column":8},"end":{"line":139,"column":9}},{"start":{"line":132,"column":15},"end":{"line":139,"column":9}}]},"11":{"loc":{"start":{"line":133,"column":12},"end":{"line":138,"column":12}},"type":"if","locations":[{"start":{"line":133,"column":12},"end":{"line":138,"column":12}},{"start":{"line":136,"column":16},"end":{"line":138,"column":12}}]},"12":{"loc":{"start":{"line":150,"column":27},"end":{"line":150,"column":82}},"type":"cond-expr","locations":[{"start":{"line":150,"column":39},"end":{"line":150,"column":70}},{"start":{"line":150,"column":73},"end":{"line":150,"column":82}}]},"13":{"loc":{"start":{"line":151,"column":25},"end":{"line":151,"column":76}},"type":"cond-expr","locations":[{"start":{"line":151,"column":35},"end":{"line":151,"column":64}},{"start":{"line":151,"column":67},"end":{"line":151,"column":76}}]},"14":{"loc":{"start":{"line":152,"column":28},"end":{"line":152,"column":85}},"type":"cond-expr","locations":[{"start":{"line":152,"column":41},"end":{"line":152,"column":73}},{"start":{"line":152,"column":76},"end":{"line":152,"column":85}}]},"15":{"loc":{"start":{"line":153,"column":26},"end":{"line":153,"column":79}},"type":"cond-expr","locations":[{"start":{"line":153,"column":37},"end":{"line":153,"column":67}},{"start":{"line":153,"column":70},"end":{"line":153,"column":79}}]}},"s":{"0":2,"1":2,"2":2,"3":2,"4":2,"5":235,"6":235,"7":1,"8":1,"9":234,"10":234,"11":234,"12":468,"13":234,"14":234,"15":2,"16":3,"17":3,"18":3,"19":3,"20":1,"21":1,"22":1,"23":2,"24":5,"25":5,"26":1,"27":1,"28":4,"29":4,"30":4,"31":4,"32":4,"33":4,"34":4,"35":4,"36":4,"37":3,"38":1,"39":1,"40":1,"41":1,"42":2,"43":1,"44":1,"45":1,"46":1,"47":2,"48":2,"49":2,"50":1,"51":1,"52":1,"53":1,"54":1,"55":1,"56":2,"57":4,"58":4,"59":1,"60":1,"61":3,"62":3,"63":3,"64":3,"65":1,"66":2,"67":1,"68":1,"69":2,"70":2,"71":3,"72":3,"73":3,"74":3,"75":3,"76":3},"f":{"0":2,"1":235,"2":235,"3":468,"4":3,"5":3,"6":5,"7":5,"8":1,"9":1,"10":2,"11":2,"12":4,"13":4,"14":3},"b":{"0":[1],"1":[1],"2":[1],"3":[3,1],"4":[2,2],"5":[2,2],"6":[2,2],"7":[1],"8":[1],"9":[1],"10":[1,2],"11":[1,1],"12":[2,1],"13":[1,2],"14":[1,2],"15":[1,2]}}
,"C:\\Users\\rumbi\\Desktop\\Tomato\\backend\\controllers\\RecommendationController.ts": {"path":"C:\\Users\\rumbi\\Desktop\\Tomato\\backend\\controllers\\RecommendationController.ts","statementMap":{"0":{"start":{"line":1,"column":0},"end":{"line":1,"column":71}},"1":{"start":{"line":3,"column":0},"end":{"line":3,"column":53}},"2":{"start":{"line":14,"column":4},"end":{"line":95,"column":null}},"3":{"start":{"line":14,"column":62},"end":{"line":95,"column":null}},"4":{"start":{"line":15,"column":8},"end":{"line":18,"column":9}},"5":{"start":{"line":16,"column":12},"end":{"line":16,"column":62}},"6":{"start":{"line":17,"column":12},"end":{"line":17,"column":19}},"7":{"start":{"line":20,"column":32},"end":{"line":20,"column":43}},"8":{"start":{"line":21,"column":29},"end":{"line":21,"column":103}},"9":{"start":{"line":22,"column":39},"end":{"line":22,"column":87}},"10":{"start":{"line":24,"column":39},"end":{"line":24,"column":41}},"11":{"start":{"line":25,"column":37},"end":{"line":25,"column":39}},"12":{"start":{"line":27,"column":8},"end":{"line":39,"column":9}},"13":{"start":{"line":28,"column":12},"end":{"line":38,"column":13}},"14":{"start":{"line":29,"column":35},"end":{"line":29,"column":58}},"15":{"start":{"line":30,"column":36},"end":{"line":30,"column":60}},"16":{"start":{"line":31,"column":42},"end":{"line":31,"column":110}},"17":{"start":{"line":32,"column":16},"end":{"line":32,"column":null}},"18":{"start":{"line":34,"column":16},"end":{"line":37,"column":null}},"19":{"start":{"line":35,"column":20},"end":{"line":36,"column":null}},"20":{"start":{"line":36,"column":24},"end":{"line":36,"column":null}},"21":{"start":{"line":41,"column":42},"end":{"line":41,"column":44}},"22":{"start":{"line":42,"column":8},"end":{"line":71,"column":9}},"23":{"start":{"line":43,"column":12},"end":{"line":56,"column":13}},"24":{"start":{"line":43,"column":25},"end":{"line":43,"column":26}},"25":{"start":{"line":44,"column":46},"end":{"line":44,"column":70}},"26":{"start":{"line":45,"column":60},"end":{"line":45,"column":114}},"27":{"start":{"line":46,"column":16},"end":{"line":52,"column":17}},"28":{"start":{"line":47,"column":20},"end":{"line":51,"column":null}},"29":{"start":{"line":48,"column":24},"end":{"line":50,"column":25}},"30":{"start":{"line":49,"column":28},"end":{"line":49,"column":null}},"31":{"start":{"line":55,"column":16},"end":{"line":55,"column":null}},"32":{"start":{"line":59,"column":31},"end":{"line":59,"column":68}},"33":{"start":{"line":61,"column":12},"end":{"line":70,"column":13}},"34":{"start":{"line":62,"column":16},"end":{"line":69,"column":null}},"35":{"start":{"line":63,"column":40},"end":{"line":63,"column":67}},"36":{"start":{"line":64,"column":41},"end":{"line":64,"column":69}},"37":{"start":{"line":65,"column":48},"end":{"line":65,"column":93}},"38":{"start":{"line":66,"column":20},"end":{"line":68,"column":21}},"39":{"start":{"line":67,"column":24},"end":{"line":67,"column":null}},"40":{"start":{"line":73,"column":26},"end":{"line":73,"column":28}},"41":{"start":{"line":75,"column":8},"end":{"line":79,"column":9}},"42":{"start":{"line":76,"column":38},"end":{"line":76,"column":65}},"43":{"start":{"line":77,"column":12},"end":{"line":77,"column":null}},"44":{"start":{"line":78,"column":12},"end":{"line":78,"column":null}},"45":{"start":{"line":81,"column":34},"end":{"line":81,"column":36}},"46":{"start":{"line":82,"column":8},"end":{"line":93,"column":9}},"47":{"start":{"line":82,"column":20},"end":{"line":82,"column":21}},"48":{"start":{"line":83,"column":33},"end":{"line":83,"column":47}},"49":{"start":{"line":84,"column":12},"end":{"line":86,"column":13}},"50":{"start":{"line":85,"column":16},"end":{"line":85,"column":22}},"51":{"start":{"line":87,"column":31},"end":{"line":87,"column":65}},"52":{"start":{"line":88,"column":32},"end":{"line":88,"column":66}},"53":{"start":{"line":89,"column":33},"end":{"line":89,"column":102}},"54":{"start":{"line":90,"column":12},"end":{"line":92,"column":13}},"55":{"start":{"line":91,"column":16},"end":{"line":91,"column":null}},"56":{"start":{"line":94,"column":8},"end":{"line":94,"column":null}},"57":{"start":{"line":11,"column":8},"end":{"line":11,"column":45}},"58":{"start":{"line":98,"column":8},"end":{"line":101,"column":16}},"59":{"start":{"line":99,"column":14},"end":{"line":100,"column":43}},"60":{"start":{"line":99,"column":30},"end":{"line":99,"column":35}},"61":{"start":{"line":100,"column":30},"end":{"line":100,"column":35}},"62":{"start":{"line":105,"column":8},"end":{"line":107,"column":9}},"63":{"start":{"line":106,"column":12},"end":{"line":106,"column":22}},"64":{"start":{"line":109,"column":8},"end":{"line":110,"column":34}},"65":{"start":{"line":110,"column":22},"end":{"line":110,"column":32}},"66":{"start":{"line":6,"column":0},"end":{"line":6,"column":13}}},"fnMap":{"0":{"name":"(anonymous_7)","decl":{"start":{"line":10,"column":4},"end":{"line":10,"column":null}},"loc":{"start":{"line":10,"column":4},"end":{"line":12,"column":5}}},"1":{"name":"(anonymous_8)","decl":{"start":{"line":14,"column":24},"end":{"line":14,"column":31}},"loc":{"start":{"line":14,"column":62},"end":{"line":95,"column":null}}},"2":{"name":"(anonymous_9)","decl":{"start":{"line":14,"column":62},"end":{"line":14,"column":null}},"loc":{"start":{"line":14,"column":62},"end":{"line":95,"column":5}}},"3":{"name":"(anonymous_10)","decl":{"start":{"line":34,"column":42},"end":{"line":34,"column":43}},"loc":{"start":{"line":34,"column":56},"end":{"line":37,"column":17}}},"4":{"name":"(anonymous_11)","decl":{"start":{"line":47,"column":47},"end":{"line":47,"column":55}},"loc":{"start":{"line":47,"column":58},"end":{"line":51,"column":21}}},"5":{"name":"(anonymous_12)","decl":{"start":{"line":62,"column":35},"end":{"line":62,"column":43}},"loc":{"start":{"line":62,"column":46},"end":{"line":69,"column":17}}},"6":{"name":"(anonymous_13)","decl":{"start":{"line":97,"column":4},"end":{"line":97,"column":8}},"loc":{"start":{"line":97,"column":23},"end":{"line":102,"column":5}}},"7":{"name":"(anonymous_14)","decl":{"start":{"line":98,"column":24},"end":{"line":98,"column":25}},"loc":{"start":{"line":99,"column":14},"end":{"line":100,"column":43}}},"8":{"name":"(anonymous_15)","decl":{"start":{"line":99,"column":25},"end":{"line":99,"column":26}},"loc":{"start":{"line":99,"column":30},"end":{"line":99,"column":35}}},"9":{"name":"(anonymous_16)","decl":{"start":{"line":100,"column":25},"end":{"line":100,"column":26}},"loc":{"start":{"line":100,"column":30},"end":{"line":100,"column":35}}},"10":{"name":"(anonymous_17)","decl":{"start":{"line":104,"column":4},"end":{"line":104,"column":20}},"loc":{"start":{"line":104,"column":45},"end":{"line":111,"column":5}}},"11":{"name":"(anonymous_18)","decl":{"start":{"line":110,"column":12},"end":{"line":110,"column":13}},"loc":{"start":{"line":110,"column":22},"end":{"line":110,"column":32}}}},"branchMap":{"0":{"loc":{"start":{"line":15,"column":8},"end":{"line":18,"column":9}},"type":"if","locations":[{"start":{"line":15,"column":8},"end":{"line":18,"column":9}}]},"1":{"loc":{"start":{"line":21,"column":29},"end":{"line":21,"column":103}},"type":"cond-expr","locations":[{"start":{"line":21,"column":61},"end":{"line":21,"column":98}},{"start":{"line":21,"column":101},"end":{"line":21,"column":103}}]},"2":{"loc":{"start":{"line":27,"column":8},"end":{"line":39,"column":9}},"type":"if","locations":[{"start":{"line":27,"column":8},"end":{"line":39,"column":9}}]},"3":{"loc":{"start":{"line":35,"column":20},"end":{"line":36,"column":null}},"type":"if","locations":[{"start":{"line":35,"column":20},"end":{"line":36,"column":null}}]},"4":{"loc":{"start":{"line":42,"column":8},"end":{"line":71,"column":9}},"type":"if","locations":[{"start":{"line":42,"column":8},"end":{"line":71,"column":9}},{"start":{"line":58,"column":13},"end":{"line":71,"column":9}}]},"5":{"loc":{"start":{"line":43,"column":28},"end":{"line":43,"column":61}},"type":"binary-expr","locations":[{"start":{"line":43,"column":28},"end":{"line":43,"column":33}},{"start":{"line":43,"column":37},"end":{"line":43,"column":61}}]},"6":{"loc":{"start":{"line":46,"column":16},"end":{"line":52,"column":17}},"type":"if","locations":[{"start":{"line":46,"column":16},"end":{"line":52,"column":17}}]},"7":{"loc":{"start":{"line":48,"column":24},"end":{"line":50,"column":25}},"type":"if","locations":[{"start":{"line":48,"column":24},"end":{"line":50,"column":25}}]},"8":{"loc":{"start":{"line":61,"column":12},"end":{"line":70,"column":13}},"type":"if","locations":[{"start":{"line":61,"column":12},"end":{"line":70,"column":13}}]},"9":{"loc":{"start":{"line":66,"column":20},"end":{"line":68,"column":21}},"type":"if","locations":[{"start":{"line":66,"column":20},"end":{"line":68,"column":21}}]},"10":{"loc":{"start":{"line":75,"column":15},"end":{"line":75,"column":71}},"type":"binary-expr","locations":[{"start":{"line":75,"column":15},"end":{"line":75,"column":42}},{"start":{"line":75,"column":46},"end":{"line":75,"column":71}}]},"11":{"loc":{"start":{"line":84,"column":12},"end":{"line":86,"column":13}},"type":"if","locations":[{"start":{"line":84,"column":12},"end":{"line":86,"column":13}}]},"12":{"loc":{"start":{"line":105,"column":8},"end":{"line":107,"column":9}},"type":"if","locations":[{"start":{"line":105,"column":8},"end":{"line":107,"column":9}}]}},"s":{"0":1,"1":1,"2":2,"3":9,"4":9,"5":1,"6":1,"7":8,"8":8,"9":8,"10":8,"11":8,"12":8,"13":8,"14":30,"15":30,"16":30,"17":30,"18":30,"19":66,"20":36,"21":8,"22":8,"23":4,"24":4,"25":12,"26":12,"27":12,"28":12,"29":72,"30":40,"31":12,"32":4,"33":4,"34":4,"35":78,"36":78,"37":78,"38":78,"39":72,"40":8,"41":8,"42":39,"43":39,"44":39,"45":8,"46":8,"47":8,"48":35,"49":35,"50":2,"51":33,"52":33,"53":33,"54":33,"55":67,"56":8,"57":2,"58":51,"59":679,"60":10896,"61":10896,"62":51,"63":5,"64":46,"65":405,"66":1},"f":{"0":2,"1":9,"2":9,"3":66,"4":72,"5":78,"6":51,"7":679,"8":10896,"9":10896,"10":51,"11":405},"b":{"0":[1],"1":[6,2],"2":[8],"3":[36],"4":[4,4],"5":[16,12],"6":[12],"7":[40],"8":[4],"9":[72],"10":[47,41],"11":[2],"12":[5]}}
,"C:\\Users\\rumbi\\Desktop\\Tomato\\backend\\controllers\\UserController.ts": {"path":"C:\\Users\\rumbi\\Desktop\\Tomato\\backend\\controllers\\UserController.ts","statementMap":{"0":{"start":{"line":1,"column":0},"end":{"line":1,"column":53}},"1":{"start":{"line":9,"column":8},"end":{"line":9,"column":45}},"2":{"start":{"line":10,"column":8},"end":{"line":10,"column":69}},"3":{"start":{"line":11,"column":8},"end":{"line":11,"column":null}},"4":{"start":{"line":15,"column":23},"end":{"line":15,"column":36}},"5":{"start":{"line":16,"column":8},"end":{"line":16,"column":69}},"6":{"start":{"line":20,"column":8},"end":{"line":37,"column":9}},"7":{"start":{"line":21,"column":51},"end":{"line":21,"column":59}},"8":{"start":{"line":23,"column":12},"end":{"line":26,"column":13}},"9":{"start":{"line":24,"column":16},"end":{"line":24,"column":69}},"10":{"start":{"line":25,"column":16},"end":{"line":25,"column":22}},"11":{"start":{"line":28,"column":27},"end":{"line":28,"column":94}},"12":{"start":{"line":29,"column":12},"end":{"line":29,"column":null}},"13":{"start":{"line":30,"column":12},"end":{"line":30,"column":18}},"14":{"start":{"line":34,"column":12},"end":{"line":34,"column":null}},"15":{"start":{"line":35,"column":12},"end":{"line":35,"column":null}},"16":{"start":{"line":36,"column":12},"end":{"line":36,"column":18}},"17":{"start":{"line":5,"column":0},"end":{"line":5,"column":13}}},"fnMap":{"0":{"name":"(anonymous_7)","decl":{"start":{"line":8,"column":4},"end":{"line":8,"column":null}},"loc":{"start":{"line":8,"column":4},"end":{"line":12,"column":5}}},"1":{"name":"(anonymous_8)","decl":{"start":{"line":14,"column":10},"end":{"line":14,"column":17}},"loc":{"start":{"line":14,"column":45},"end":{"line":17,"column":null}}},"2":{"name":"(anonymous_10)","decl":{"start":{"line":19,"column":10},"end":{"line":19,"column":28}},"loc":{"start":{"line":19,"column":56},"end":{"line":38,"column":null}}}},"branchMap":{"0":{"loc":{"start":{"line":23,"column":12},"end":{"line":26,"column":13}},"type":"if","locations":[{"start":{"line":23,"column":12},"end":{"line":26,"column":13}}]},"1":{"loc":{"start":{"line":23,"column":15},"end":{"line":23,"column":45}},"type":"binary-expr","locations":[{"start":{"line":23,"column":15},"end":{"line":23,"column":27}},{"start":{"line":23,"column":31},"end":{"line":23,"column":45}}]}},"s":{"0":1,"1":1,"2":1,"3":1,"4":2,"5":2,"6":1,"7":1,"8":1,"9":1,"10":1,"11":0,"12":0,"13":0,"14":0,"15":0,"16":0,"17":1},"f":{"0":1,"1":2,"2":1},"b":{"0":[1],"1":[1,0]}}
,"C:\\Users\\rumbi\\Desktop\\Tomato\\backend\\errors\\customError.ts": {"path":"C:\\Users\\rumbi\\Desktop\\Tomato\\backend\\errors\\customError.ts","statementMap":{"0":{"start":{"line":6,"column":8},"end":{"line":6,"column":23}},"1":{"start":{"line":7,"column":8},"end":{"line":7,"column":49}},"2":{"start":{"line":11,"column":0},"end":{"line":11,"column":42}}},"fnMap":{"0":{"name":"(anonymous_0)","decl":{"start":{"line":5,"column":4},"end":{"line":5,"column":16}},"loc":{"start":{"line":5,"column":31},"end":{"line":8,"column":5}}}},"branchMap":{},"s":{"0":5,"1":5,"2":2},"f":{"0":5},"b":{}}
,"C:\\Users\\rumbi\\Desktop\\Tomato\\backend\\middleware\\verifyToken.ts": {"path":"C:\\Users\\rumbi\\Desktop\\Tomato\\backend\\middleware\\verifyToken.ts","statementMap":{"0":{"start":{"line":1,"column":0},"end":{"line":1,"column":30}},"1":{"start":{"line":6,"column":20},"end":{"line":33,"column":1}},"2":{"start":{"line":7,"column":18},"end":{"line":7,"column":69}},"3":{"start":{"line":8,"column":23},"end":{"line":8,"column":45}},"4":{"start":{"line":10,"column":4},"end":{"line":13,"column":5}},"5":{"start":{"line":11,"column":8},"end":{"line":11,"column":65}},"6":{"start":{"line":12,"column":8},"end":{"line":12,"column":14}},"7":{"start":{"line":15,"column":4},"end":{"line":32,"column":5}},"8":{"start":{"line":16,"column":8},"end":{"line":16,"column":null}},"9":{"start":{"line":18,"column":8},"end":{"line":18,"column":70}},"10":{"start":{"line":22,"column":8},"end":{"line":30,"column":9}},"11":{"start":{"line":23,"column":28},"end":{"line":23,"column":98}},"12":{"start":{"line":24,"column":13},"end":{"line":24,"column":57}},"13":{"start":{"line":25,"column":12},"end":{"line":25,"column":19}},"14":{"start":{"line":27,"column":12},"end":{"line":27,"column":null}},"15":{"start":{"line":28,"column":12},"end":{"line":28,"column":64}},"16":{"start":{"line":29,"column":12},"end":{"line":29,"column":18}},"17":{"start":{"line":35,"column":0},"end":{"line":35,"column":27}},"18":{"start":{"line":36,"column":0},"end":{"line":36,"column":32}}},"fnMap":{"0":{"name":"(anonymous_1)","decl":{"start":{"line":6,"column":20},"end":{"line":6,"column":21}},"loc":{"start":{"line":6,"column":72},"end":{"line":33,"column":1}}}},"branchMap":{"0":{"loc":{"start":{"line":7,"column":18},"end":{"line":7,"column":69}},"type":"cond-expr","locations":[{"start":{"line":7,"column":45},"end":{"line":7,"column":47}},{"start":{"line":7,"column":45},"end":{"line":7,"column":69}}]},"1":{"loc":{"start":{"line":7,"column":18},"end":{"line":7,"column":47}},"type":"binary-expr","locations":[{"start":{"line":7,"column":18},"end":{"line":7,"column":47}},{"start":{"line":7,"column":45},"end":{"line":7,"column":47}}]},"2":{"loc":{"start":{"line":10,"column":4},"end":{"line":13,"column":5}},"type":"if","locations":[{"start":{"line":10,"column":4},"end":{"line":13,"column":5}}]},"3":{"loc":{"start":{"line":15,"column":4},"end":{"line":32,"column":5}},"type":"if","locations":[{"start":{"line":15,"column":4},"end":{"line":32,"column":5}},{"start":{"line":21,"column":8},"end":{"line":32,"column":5}}]}},"s":{"0":0,"1":0,"2":0,"3":0,"4":0,"5":0,"6":0,"7":0,"8":0,"9":0,"10":0,"11":0,"12":0,"13":0,"14":0,"15":0,"16":0,"17":0,"18":0},"f":{"0":0},"b":{"0":[0,0],"1":[0,0],"2":[0],"3":[0,0]}}
,"C:\\Users\\rumbi\\Desktop\\Tomato\\backend\\model\\ChatModel.ts": {"path":"C:\\Users\\rumbi\\Desktop\\Tomato\\backend\\model\\ChatModel.ts","statementMap":{"0":{"start":{"line":1,"column":0},"end":{"line":1,"column":54}},"1":{"start":{"line":8,"column":32},"end":{"line":11,"column":2}},"2":{"start":{"line":13,"column":13},"end":{"line":13,"column":72}}},"fnMap":{},"branchMap":{},"s":{"0":1,"1":1,"2":1},"f":{},"b":{}}
,"C:\\Users\\rumbi\\Desktop\\Tomato\\backend\\model\\MessageModel.ts": {"path":"C:\\Users\\rumbi\\Desktop\\Tomato\\backend\\model\\MessageModel.ts","statementMap":{"0":{"start":{"line":1,"column":0},"end":{"line":1,"column":54}},"1":{"start":{"line":9,"column":27},"end":{"line":13,"column":2}},"2":{"start":{"line":15,"column":13},"end":{"line":15,"column":84}}},"fnMap":{},"branchMap":{},"s":{"0":1,"1":1,"2":1},"f":{},"b":{}}
,"C:\\Users\\rumbi\\Desktop\\Tomato\\backend\\model\\PostModel.ts": {"path":"C:\\Users\\rumbi\\Desktop\\Tomato\\backend\\model\\PostModel.ts","statementMap":{"0":{"start":{"line":1,"column":0},"end":{"line":1,"column":43}},"1":{"start":{"line":16,"column":24},"end":{"line":24,"column":2}},"2":{"start":{"line":27,"column":13},"end":{"line":27,"column":84}}},"fnMap":{},"branchMap":{},"s":{"0":2,"1":2,"2":2},"f":{},"b":{}}
,"C:\\Users\\rumbi\\Desktop\\Tomato\\backend\\model\\UserModel.ts": {"path":"C:\\Users\\rumbi\\Desktop\\Tomato\\backend\\model\\UserModel.ts","statementMap":{"0":{"start":{"line":1,"column":0},"end":{"line":1,"column":58}},"1":{"start":{"line":12,"column":24},"end":{"line":16,"column":2}},"2":{"start":{"line":19,"column":13},"end":{"line":19,"column":78}}},"fnMap":{},"branchMap":{},"s":{"0":1,"1":1,"2":1},"f":{},"b":{}}
,"C:\\Users\\rumbi\\Desktop\\Tomato\\backend\\routes\\ChatRoutes.ts": {"path":"C:\\Users\\rumbi\\Desktop\\Tomato\\backend\\routes\\ChatRoutes.ts","statementMap":{"0":{"start":{"line":1,"column":0},"end":{"line":1,"column":63}},"1":{"start":{"line":4,"column":23},"end":{"line":4,"column":43}},"2":{"start":{"line":6,"column":13},"end":{"line":49,"column":null}}},"fnMap":{},"branchMap":{},"s":{"0":0,"1":0,"2":0},"f":{},"b":{}}
,"C:\\Users\\rumbi\\Desktop\\Tomato\\backend\\routes\\PostRoutes.ts": {"path":"C:\\Users\\rumbi\\Desktop\\Tomato\\backend\\routes\\PostRoutes.ts","statementMap":{"0":{"start":{"line":1,"column":0},"end":{"line":1,"column":63}},"1":{"start":{"line":4,"column":23},"end":{"line":4,"column":43}},"2":{"start":{"line":6,"column":13},"end":{"line":49,"column":null}}},"fnMap":{},"branchMap":{},"s":{"0":0,"1":0,"2":0},"f":{},"b":{}}
,"C:\\Users\\rumbi\\Desktop\\Tomato\\backend\\routes\\RecommendationRoutes.ts": {"path":"C:\\Users\\rumbi\\Desktop\\Tomato\\backend\\routes\\RecommendationRoutes.ts","statementMap":{"0":{"start":{"line":1,"column":0},"end":{"line":1,"column":83}},"1":{"start":{"line":4,"column":33},"end":{"line":4,"column":63}},"2":{"start":{"line":6,"column":13},"end":{"line":14,"column":null}}},"fnMap":{},"branchMap":{},"s":{"0":1,"1":1,"2":1},"f":{},"b":{}}
,"C:\\Users\\rumbi\\Desktop\\Tomato\\backend\\routes\\UserRoutes.ts": {"path":"C:\\Users\\rumbi\\Desktop\\Tomato\\backend\\routes\\UserRoutes.ts","statementMap":{"0":{"start":{"line":2,"column":0},"end":{"line":2,"column":63}},"1":{"start":{"line":5,"column":23},"end":{"line":5,"column":43}},"2":{"start":{"line":7,"column":13},"end":{"line":24,"column":null}},"3":{"start":{"line":12,"column":30},"end":{"line":12,"column":73}},"4":{"start":{"line":20,"column":30},"end":{"line":20,"column":62}}},"fnMap":{"0":{"name":"(anonymous_0)","decl":{"start":{"line":12,"column":16},"end":{"line":12,"column":17}},"loc":{"start":{"line":12,"column":30},"end":{"line":12,"column":73}}},"1":{"name":"(anonymous_1)","decl":{"start":{"line":20,"column":16},"end":{"line":20,"column":17}},"loc":{"start":{"line":20,"column":30},"end":{"line":20,"column":62}}}},"branchMap":{},"s":{"0":0,"1":0,"2":0,"3":0,"4":0},"f":{"0":0,"1":0},"b":{}}
,"C:\\Users\\rumbi\\Desktop\\Tomato\\backend\\service\\ChatService.ts": {"path":"C:\\Users\\rumbi\\Desktop\\Tomato\\backend\\service\\ChatService.ts","statementMap":{"0":{"start":{"line":1,"column":0},"end":{"line":1,"column":54}},"1":{"start":{"line":2,"column":0},"end":{"line":2,"column":63}},"2":{"start":{"line":6,"column":4},"end":{"line":21,"column":5}},"3":{"start":{"line":7,"column":24},"end":{"line":9,"column":15}},"4":{"start":{"line":10,"column":6},"end":{"line":13,"column":7}},"5":{"start":{"line":11,"column":8},"end":{"line":11,"column":34}},"6":{"start":{"line":12,"column":8},"end":{"line":12,"column":25}},"7":{"start":{"line":14,"column":22},"end":{"line":14,"column":59}},"8":{"start":{"line":15,"column":6},"end":{"line":15,"column":34}},"9":{"start":{"line":17,"column":6},"end":{"line":19,"column":7}},"10":{"start":{"line":18,"column":8},"end":{"line":18,"column":61}},"11":{"start":{"line":20,"column":6},"end":{"line":20,"column":18}},"12":{"start":{"line":25,"column":4},"end":{"line":32,"column":5}},"13":{"start":{"line":26,"column":6},"end":{"line":26,"column":65}},"14":{"start":{"line":28,"column":6},"end":{"line":30,"column":7}},"15":{"start":{"line":29,"column":8},"end":{"line":29,"column":69}},"16":{"start":{"line":31,"column":6},"end":{"line":31,"column":18}},"17":{"start":{"line":36,"column":4},"end":{"line":43,"column":5}},"18":{"start":{"line":37,"column":6},"end":{"line":37,"column":49}},"19":{"start":{"line":39,"column":6},"end":{"line":41,"column":7}},"20":{"start":{"line":40,"column":8},"end":{"line":40,"column":60}},"21":{"start":{"line":42,"column":6},"end":{"line":42,"column":18}},"22":{"start":{"line":47,"column":4},"end":{"line":54,"column":5}},"23":{"start":{"line":48,"column":6},"end":{"line":48,"column":84}},"24":{"start":{"line":50,"column":6},"end":{"line":52,"column":7}},"25":{"start":{"line":51,"column":8},"end":{"line":51,"column":61}},"26":{"start":{"line":53,"column":6},"end":{"line":53,"column":18}},"27":{"start":{"line":58,"column":4},"end":{"line":70,"column":5}},"28":{"start":{"line":59,"column":6},"end":{"line":59,"column":64}},"29":{"start":{"line":60,"column":19},"end":{"line":60,"column":54}},"30":{"start":{"line":61,"column":6},"end":{"line":63,"column":7}},"31":{"start":{"line":62,"column":8},"end":{"line":62,"column":31}},"32":{"start":{"line":64,"column":6},"end":{"line":64,"column":18}},"33":{"start":{"line":66,"column":6},"end":{"line":68,"column":7}},"34":{"start":{"line":67,"column":8},"end":{"line":67,"column":61}},"35":{"start":{"line":69,"column":6},"end":{"line":69,"column":18}},"36":{"start":{"line":78,"column":4},"end":{"line":86,"column":5}},"37":{"start":{"line":79,"column":25},"end":{"line":79,"column":75}},"38":{"start":{"line":80,"column":6},"end":{"line":80,"column":37}},"39":{"start":{"line":82,"column":6},"end":{"line":84,"column":7}},"40":{"start":{"line":83,"column":8},"end":{"line":83,"column":62}},"41":{"start":{"line":85,"column":6},"end":{"line":85,"column":18}},"42":{"start":{"line":90,"column":4},"end":{"line":101,"column":5}},"43":{"start":{"line":91,"column":22},"end":{"line":91,"column":60}},"44":{"start":{"line":92,"column":6},"end":{"line":94,"column":7}},"45":{"start":{"line":93,"column":8},"end":{"line":93,"column":34}},"46":{"start":{"line":95,"column":6},"end":{"line":95,"column":21}},"47":{"start":{"line":97,"column":6},"end":{"line":99,"column":7}},"48":{"start":{"line":98,"column":8},"end":{"line":98,"column":64}},"49":{"start":{"line":100,"column":6},"end":{"line":100,"column":18}},"50":{"start":{"line":4,"column":0},"end":{"line":4,"column":13}}},"fnMap":{"0":{"name":"(anonymous_7)","decl":{"start":{"line":5,"column":8},"end":{"line":5,"column":18}},"loc":{"start":{"line":5,"column":53},"end":{"line":22,"column":null}}},"1":{"name":"(anonymous_9)","decl":{"start":{"line":24,"column":8},"end":{"line":24,"column":23}},"loc":{"start":{"line":24,"column":34},"end":{"line":33,"column":null}}},"2":{"name":"(anonymous_11)","decl":{"start":{"line":35,"column":8},"end":{"line":35,"column":15}},"loc":{"start":{"line":35,"column":26},"end":{"line":44,"column":null}}},"3":{"name":"(anonymous_13)","decl":{"start":{"line":46,"column":8},"end":{"line":46,"column":16}},"loc":{"start":{"line":46,"column":27},"end":{"line":55,"column":null}}},"4":{"name":"(anonymous_15)","decl":{"start":{"line":57,"column":8},"end":{"line":57,"column":18}},"loc":{"start":{"line":57,"column":29},"end":{"line":71,"column":null}}},"5":{"name":"(anonymous_17)","decl":{"start":{"line":73,"column":8},"end":{"line":73,"column":18}},"loc":{"start":{"line":76,"column":19},"end":{"line":87,"column":null}}},"6":{"name":"(anonymous_19)","decl":{"start":{"line":89,"column":8},"end":{"line":89,"column":21}},"loc":{"start":{"line":89,"column":32},"end":{"line":102,"column":null}}}},"branchMap":{"0":{"loc":{"start":{"line":10,"column":6},"end":{"line":13,"column":7}},"type":"if","locations":[{"start":{"line":10,"column":6},"end":{"line":13,"column":7}}]},"1":{"loc":{"start":{"line":17,"column":6},"end":{"line":19,"column":7}},"type":"if","locations":[{"start":{"line":17,"column":6},"end":{"line":19,"column":7}}]},"2":{"loc":{"start":{"line":28,"column":6},"end":{"line":30,"column":7}},"type":"if","locations":[{"start":{"line":28,"column":6},"end":{"line":30,"column":7}}]},"3":{"loc":{"start":{"line":39,"column":6},"end":{"line":41,"column":7}},"type":"if","locations":[{"start":{"line":39,"column":6},"end":{"line":41,"column":7}}]},"4":{"loc":{"start":{"line":50,"column":6},"end":{"line":52,"column":7}},"type":"if","locations":[{"start":{"line":50,"column":6},"end":{"line":52,"column":7}}]},"5":{"loc":{"start":{"line":61,"column":6},"end":{"line":63,"column":7}},"type":"if","locations":[{"start":{"line":61,"column":6},"end":{"line":63,"column":7}}]},"6":{"loc":{"start":{"line":66,"column":6},"end":{"line":68,"column":7}},"type":"if","locations":[{"start":{"line":66,"column":6},"end":{"line":68,"column":7}}]},"7":{"loc":{"start":{"line":82,"column":6},"end":{"line":84,"column":7}},"type":"if","locations":[{"start":{"line":82,"column":6},"end":{"line":84,"column":7}}]},"8":{"loc":{"start":{"line":92,"column":6},"end":{"line":94,"column":7}},"type":"if","locations":[{"start":{"line":92,"column":6},"end":{"line":94,"column":7}}]},"9":{"loc":{"start":{"line":97,"column":6},"end":{"line":99,"column":7}},"type":"if","locations":[{"start":{"line":97,"column":6},"end":{"line":99,"column":7}}]}},"s":{"0":1,"1":1,"2":23,"3":23,"4":23,"5":1,"6":1,"7":22,"8":22,"9":0,"10":0,"11":0,"12":1,"13":1,"14":0,"15":0,"16":0,"17":1,"18":1,"19":0,"20":0,"21":0,"22":1,"23":1,"24":0,"25":0,"26":0,"27":1,"28":1,"29":1,"30":1,"31":1,"32":1,"33":0,"34":0,"35":0,"36":6,"37":6,"38":6,"39":0,"40":0,"41":0,"42":1,"43":1,"44":1,"45":1,"46":1,"47":0,"48":0,"49":0,"50":1},"f":{"0":23,"1":1,"2":1,"3":1,"4":1,"5":6,"6":1},"b":{"0":[1],"1":[0],"2":[0],"3":[0],"4":[0],"5":[1],"6":[0],"7":[0],"8":[1],"9":[0]}}
,"C:\\Users\\rumbi\\Desktop\\Tomato\\backend\\service\\PostService.ts": {"path":"C:\\Users\\rumbi\\Desktop\\Tomato\\backend\\service\\PostService.ts","statementMap":{"0":{"start":{"line":1,"column":0},"end":{"line":1,"column":32}},"1":{"start":{"line":2,"column":0},"end":{"line":2,"column":53}},"2":{"start":{"line":3,"column":0},"end":{"line":3,"column":63}},"3":{"start":{"line":25,"column":8},"end":{"line":30,"column":9}},"4":{"start":{"line":26,"column":12},"end":{"line":26,"column":55}},"5":{"start":{"line":28,"column":12},"end":{"line":28,"column":57}},"6":{"start":{"line":29,"column":12},"end":{"line":29,"column":24}},"7":{"start":{"line":34,"column":8},"end":{"line":40,"column":9}},"8":{"start":{"line":35,"column":47},"end":{"line":35,"column":66}},"9":{"start":{"line":36,"column":12},"end":{"line":36,"column":40}},"10":{"start":{"line":38,"column":12},"end":{"line":38,"column":49}},"11":{"start":{"line":39,"column":12},"end":{"line":39,"column":24}},"12":{"start":{"line":45,"column":8},"end":{"line":51,"column":9}},"13":{"start":{"line":46,"column":12},"end":{"line":46,"column":92}},"14":{"start":{"line":47,"column":12},"end":{"line":47,"column":49}},"15":{"start":{"line":49,"column":12},"end":{"line":49,"column":57}},"16":{"start":{"line":50,"column":12},"end":{"line":50,"column":null}},"17":{"start":{"line":55,"column":8},"end":{"line":60,"column":9}},"18":{"start":{"line":56,"column":12},"end":{"line":56,"column":101}},"19":{"start":{"line":58,"column":12},"end":{"line":58,"column":57}},"20":{"start":{"line":59,"column":12},"end":{"line":59,"column":24}},"21":{"start":{"line":75,"column":28},"end":{"line":75,"column":70}},"22":{"start":{"line":76,"column":8},"end":{"line":78,"column":9}},"23":{"start":{"line":77,"column":12},"end":{"line":77,"column":86}},"24":{"start":{"line":80,"column":39},"end":{"line":80,"column":41}},"25":{"start":{"line":83,"column":8},"end":{"line":85,"column":9}},"26":{"start":{"line":84,"column":12},"end":{"line":84,"column":51}},"27":{"start":{"line":86,"column":8},"end":{"line":88,"column":9}},"28":{"start":{"line":87,"column":12},"end":{"line":87,"column":69}},"29":{"start":{"line":91,"column":8},"end":{"line":91,"column":50}},"30":{"start":{"line":105,"column":8},"end":{"line":118,"column":9}},"31":{"start":{"line":106,"column":26},"end":{"line":106,"column":87}},"32":{"start":{"line":109,"column":32},"end":{"line":109,"column":78}},"33":{"start":{"line":109,"column":53},"end":{"line":109,"column":77}},"34":{"start":{"line":110,"column":12},"end":{"line":110,"column":null}},"35":{"start":{"line":112,"column":12},"end":{"line":117,"column":13}},"36":{"start":{"line":113,"column":16},"end":{"line":113,"column":90}},"37":{"start":{"line":115,"column":16},"end":{"line":115,"column":56}},"38":{"start":{"line":116,"column":16},"end":{"line":116,"column":28}},"39":{"start":{"line":139,"column":8},"end":{"line":162,"column":9}},"40":{"start":{"line":140,"column":29},"end":{"line":140,"column":67}},"41":{"start":{"line":141,"column":12},"end":{"line":153,"column":13}},"42":{"start":{"line":142,"column":16},"end":{"line":142,"column":null}},"43":{"start":{"line":145,"column":35},"end":{"line":145,"column":107}},"44":{"start":{"line":147,"column":38},"end":{"line":147,"column":66}},"45":{"start":{"line":150,"column":36},"end":{"line":151,"column":93}},"46":{"start":{"line":150,"column":81},"end":{"line":150,"column":100}},"47":{"start":{"line":151,"column":27},"end":{"line":151,"column":82}},"48":{"start":{"line":151,"column":54},"end":{"line":151,"column":80}},"49":{"start":{"line":152,"column":16},"end":{"line":152,"column":64}},"50":{"start":{"line":152,"column":50},"end":{"line":152,"column":62}},"51":{"start":{"line":156,"column":12},"end":{"line":161,"column":13}},"52":{"start":{"line":157,"column":16},"end":{"line":157,"column":90}},"53":{"start":{"line":159,"column":16},"end":{"line":159,"column":58}},"54":{"start":{"line":160,"column":16},"end":{"line":160,"column":28}},"55":{"start":{"line":167,"column":8},"end":{"line":172,"column":9}},"56":{"start":{"line":168,"column":12},"end":{"line":168,"column":51}},"57":{"start":{"line":170,"column":12},"end":{"line":170,"column":60}},"58":{"start":{"line":171,"column":12},"end":{"line":171,"column":24}},"59":{"start":{"line":176,"column":8},"end":{"line":184,"column":9}},"60":{"start":{"line":177,"column":12},"end":{"line":180,"column":null}},"61":{"start":{"line":178,"column":16},"end":{"line":178,"column":null}},"62":{"start":{"line":180,"column":16},"end":{"line":180,"column":null}},"63":{"start":{"line":182,"column":12},"end":{"line":182,"column":null}},"64":{"start":{"line":183,"column":12},"end":{"line":183,"column":null}},"65":{"start":{"line":23,"column":0},"end":{"line":23,"column":13}},"66":{"start":{"line":193,"column":30},"end":{"line":193,"column":77}},"67":{"start":{"line":193,"column":54},"end":{"line":193,"column":69}},"68":{"start":{"line":194,"column":4},"end":{"line":199,"column":5}},"69":{"start":{"line":195,"column":8},"end":{"line":195,"column":20}},"70":{"start":{"line":198,"column":8},"end":{"line":198,"column":21}}},"fnMap":{"0":{"name":"(anonymous_8)","decl":{"start":{"line":24,"column":10},"end":{"line":24,"column":21}},"loc":{"start":{"line":24,"column":32},"end":{"line":31,"column":null}}},"1":{"name":"(anonymous_10)","decl":{"start":{"line":33,"column":10},"end":{"line":33,"column":20}},"loc":{"start":{"line":33,"column":31},"end":{"line":41,"column":null}}},"2":{"name":"(anonymous_12)","decl":{"start":{"line":44,"column":10},"end":{"line":44,"column":20}},"loc":{"start":{"line":44,"column":43},"end":{"line":52,"column":null}}},"3":{"name":"(anonymous_14)","decl":{"start":{"line":54,"column":10},"end":{"line":54,"column":20}},"loc":{"start":{"line":54,"column":31},"end":{"line":61,"column":null}}},"4":{"name":"(anonymous_16)","decl":{"start":{"line":68,"column":10},"end":{"line":68,"column":18}},"loc":{"start":{"line":72,"column":25},"end":{"line":93,"column":null}}},"5":{"name":"(anonymous_18)","decl":{"start":{"line":98,"column":10},"end":{"line":98,"column":23}},"loc":{"start":{"line":102,"column":25},"end":{"line":119,"column":null}}},"6":{"name":"(anonymous_20)","decl":{"start":{"line":109,"column":45},"end":{"line":109,"column":49}},"loc":{"start":{"line":109,"column":53},"end":{"line":109,"column":77}}},"7":{"name":"(anonymous_21)","decl":{"start":{"line":129,"column":10},"end":{"line":129,"column":21}},"loc":{"start":{"line":135,"column":25},"end":{"line":164,"column":null}}},"8":{"name":"(anonymous_23)","decl":{"start":{"line":150,"column":73},"end":{"line":150,"column":77}},"loc":{"start":{"line":150,"column":81},"end":{"line":150,"column":100}}},"9":{"name":"(anonymous_24)","decl":{"start":{"line":151,"column":21},"end":{"line":151,"column":23}},"loc":{"start":{"line":151,"column":27},"end":{"line":151,"column":82}}},"10":{"name":"(anonymous_25)","decl":{"start":{"line":151,"column":46},"end":{"line":151,"column":50}},"loc":{"start":{"line":151,"column":54},"end":{"line":151,"column":80}}},"11":{"name":"(anonymous_26)","decl":{"start":{"line":152,"column":42},"end":{"line":152,"column":46}},"loc":{"start":{"line":152,"column":50},"end":{"line":152,"column":62}}},"12":{"name":"(anonymous_27)","decl":{"start":{"line":166,"column":10},"end":{"line":166,"column":22}},"loc":{"start":{"line":166,"column":22},"end":{"line":173,"column":null}}},"13":{"name":"(anonymous_29)","decl":{"start":{"line":175,"column":10},"end":{"line":175,"column":28}},"loc":{"start":{"line":175,"column":77},"end":{"line":185,"column":null}}},"14":{"name":"isMissingCoordinate","decl":{"start":{"line":192,"column":9},"end":{"line":192,"column":28}},"loc":{"start":{"line":192,"column":62},"end":{"line":200,"column":1}}},"15":{"name":"(anonymous_32)","decl":{"start":{"line":193,"column":49},"end":{"line":193,"column":50}},"loc":{"start":{"line":193,"column":54},"end":{"line":193,"column":69}}}},"branchMap":{"0":{"loc":{"start":{"line":76,"column":8},"end":{"line":78,"column":9}},"type":"if","locations":[{"start":{"line":76,"column":8},"end":{"line":78,"column":9}}]},"1":{"loc":{"start":{"line":83,"column":8},"end":{"line":85,"column":9}},"type":"if","locations":[{"start":{"line":83,"column":8},"end":{"line":85,"column":9}}]},"2":{"loc":{"start":{"line":86,"column":8},"end":{"line":88,"column":9}},"type":"if","locations":[{"start":{"line":86,"column":8},"end":{"line":88,"column":9}}]},"3":{"loc":{"start":{"line":112,"column":12},"end":{"line":117,"column":13}},"type":"if","locations":[{"start":{"line":112,"column":12},"end":{"line":117,"column":13}},{"start":{"line":114,"column":19},"end":{"line":117,"column":13}}]},"4":{"loc":{"start":{"line":141,"column":12},"end":{"line":153,"column":13}},"type":"if","locations":[{"start":{"line":141,"column":12},"end":{"line":153,"column":13}},{"start":{"line":144,"column":16},"end":{"line":153,"column":13}}]},"5":{"loc":{"start":{"line":145,"column":35},"end":{"line":145,"column":107}},"type":"cond-expr","locations":[{"start":{"line":145,"column":101},"end":{"line":145,"column":105}},{"start":{"line":145,"column":105},"end":{"line":145,"column":107}}]},"6":{"loc":{"start":{"line":145,"column":35},"end":{"line":145,"column":105}},"type":"binary-expr","locations":[{"start":{"line":145,"column":35},"end":{"line":145,"column":105}},{"start":{"line":145,"column":101},"end":{"line":145,"column":105}}]},"7":{"loc":{"start":{"line":156,"column":12},"end":{"line":161,"column":13}},"type":"if","locations":[{"start":{"line":156,"column":12},"end":{"line":161,"column":13}},{"start":{"line":158,"column":19},"end":{"line":161,"column":13}}]},"8":{"loc":{"start":{"line":177,"column":12},"end":{"line":180,"column":null}},"type":"if","locations":[{"start":{"line":177,"column":12},"end":{"line":180,"column":null}},{"start":{"line":180,"column":16},"end":{"line":180,"column":null}}]},"9":{"loc":{"start":{"line":194,"column":4},"end":{"line":199,"column":5}},"type":"if","locations":[{"start":{"line":194,"column":4},"end":{"line":199,"column":5}},{"start":{"line":197,"column":8},"end":{"line":199,"column":5}}]},"10":{"loc":{"start":{"line":194,"column":7},"end":{"line":194,"column":53}},"type":"binary-expr","locations":[{"start":{"line":194,"column":7},"end":{"line":194,"column":28}},{"start":{"line":194,"column":32},"end":{"line":194,"column":53}}]}},"s":{"0":2,"1":2,"2":2,"3":1,"4":1,"5":0,"6":0,"7":234,"8":234,"9":234,"10":0,"11":0,"12":1,"13":1,"14":1,"15":0,"16":0,"17":1,"18":1,"19":0,"20":0,"21":5,"22":5,"23":2,"24":3,"25":3,"26":2,"27":3,"28":2,"29":3,"30":5,"31":5,"32":3,"33":8,"34":3,"35":2,"36":2,"37":0,"38":0,"39":24,"40":24,"41":24,"42":22,"43":2,"44":1,"45":1,"46":4,"47":3,"48":7,"49":1,"50":3,"51":1,"52":1,"53":0,"54":0,"55":4,"56":4,"57":0,"58":0,"59":63,"60":63,"61":33,"62":30,"63":0,"64":0,"65":2,"66":5,"67":20,"68":5,"69":2,"70":3},"f":{"0":1,"1":234,"2":1,"3":1,"4":5,"5":5,"6":8,"7":24,"8":4,"9":3,"10":7,"11":3,"12":4,"13":63,"14":5,"15":20},"b":{"0":[2],"1":[2],"2":[2],"3":[2,0],"4":[22,2],"5":[1,0],"6":[2,1],"7":[1,0],"8":[33,30],"9":[2,3],"10":[5,4]}}
,"C:\\Users\\rumbi\\Desktop\\Tomato\\backend\\service\\UserService.ts": {"path":"C:\\Users\\rumbi\\Desktop\\Tomato\\backend\\service\\UserService.ts","statementMap":{"0":{"start":{"line":1,"column":0},"end":{"line":1,"column":34}},"1":{"start":{"line":2,"column":0},"end":{"line":2,"column":53}},"2":{"start":{"line":3,"column":0},"end":{"line":3,"column":65}},"3":{"start":{"line":8,"column":8},"end":{"line":21,"column":11}},"4":{"start":{"line":9,"column":35},"end":{"line":13,"column":16}},"5":{"start":{"line":14,"column":12},"end":{"line":14,"column":null}},"6":{"start":{"line":15,"column":12},"end":{"line":15,"column":null}},"7":{"start":{"line":17,"column":12},"end":{"line":19,"column":13}},"8":{"start":{"line":18,"column":14},"end":{"line":18,"column":67}},"9":{"start":{"line":20,"column":12},"end":{"line":20,"column":24}},"10":{"start":{"line":25,"column":8},"end":{"line":35,"column":9}},"11":{"start":{"line":26,"column":37},"end":{"line":26,"column":65}},"12":{"start":{"line":27,"column":12},"end":{"line":30,"column":13}},"13":{"start":{"line":28,"column":16},"end":{"line":28,"column":null}},"14":{"start":{"line":29,"column":16},"end":{"line":29,"column":28}},"15":{"start":{"line":31,"column":12},"end":{"line":31,"column":null}},"16":{"start":{"line":33,"column":12},"end":{"line":33,"column":56}},"17":{"start":{"line":34,"column":12},"end":{"line":34,"column":null}},"18":{"start":{"line":40,"column":8},"end":{"line":42,"column":11}},"19":{"start":{"line":41,"column":12},"end":{"line":41,"column":85}},"20":{"start":{"line":43,"column":8},"end":{"line":45,"column":9}},"21":{"start":{"line":44,"column":12},"end":{"line":44,"column":82}},"22":{"start":{"line":46,"column":36},"end":{"line":46,"column":61}},"23":{"start":{"line":47,"column":34},"end":{"line":47,"column":56}},"24":{"start":{"line":49,"column":37},"end":{"line":49,"column":66}},"25":{"start":{"line":51,"column":23},"end":{"line":54,"column":10}},"26":{"start":{"line":56,"column":24},"end":{"line":56,"column":59}},"27":{"start":{"line":57,"column":8},"end":{"line":59,"column":9}},"28":{"start":{"line":58,"column":12},"end":{"line":58,"column":52}},"29":{"start":{"line":62,"column":31},"end":{"line":62,"column":72}},"30":{"start":{"line":64,"column":8},"end":{"line":71,"column":9}},"31":{"start":{"line":65,"column":12},"end":{"line":65,"column":83}},"32":{"start":{"line":67,"column":12},"end":{"line":70,"column":13}},"33":{"start":{"line":68,"column":16},"end":{"line":68,"column":55}},"34":{"start":{"line":69,"column":16},"end":{"line":69,"column":33}},"35":{"start":{"line":74,"column":25},"end":{"line":77,"column":10}},"36":{"start":{"line":79,"column":21},"end":{"line":79,"column":25}},"37":{"start":{"line":80,"column":8},"end":{"line":82,"column":9}},"38":{"start":{"line":81,"column":12},"end":{"line":81,"column":null}},"39":{"start":{"line":84,"column":8},"end":{"line":84,"column":43}},"40":{"start":{"line":5,"column":0},"end":{"line":5,"column":13}}},"fnMap":{"0":{"name":"(anonymous_7)","decl":{"start":{"line":7,"column":10},"end":{"line":7,"column":20}},"loc":{"start":{"line":7,"column":68},"end":{"line":22,"column":null}}},"1":{"name":"(anonymous_9)","decl":{"start":{"line":24,"column":10},"end":{"line":24,"column":17}},"loc":{"start":{"line":24,"column":28},"end":{"line":36,"column":null}}},"2":{"name":"(anonymous_11)","decl":{"start":{"line":38,"column":10},"end":{"line":38,"column":26}},"loc":{"start":{"line":38,"column":69},"end":{"line":85,"column":null}}}},"branchMap":{"0":{"loc":{"start":{"line":17,"column":12},"end":{"line":19,"column":13}},"type":"if","locations":[{"start":{"line":17,"column":12},"end":{"line":19,"column":13}}]},"1":{"loc":{"start":{"line":27,"column":12},"end":{"line":30,"column":13}},"type":"if","locations":[{"start":{"line":27,"column":12},"end":{"line":30,"column":13}}]},"2":{"loc":{"start":{"line":40,"column":8},"end":{"line":42,"column":11}},"type":"if","locations":[{"start":{"line":40,"column":8},"end":{"line":42,"column":11}}]},"3":{"loc":{"start":{"line":43,"column":8},"end":{"line":45,"column":9}},"type":"if","locations":[{"start":{"line":43,"column":8},"end":{"line":45,"column":9}}]},"4":{"loc":{"start":{"line":57,"column":8},"end":{"line":59,"column":9}},"type":"if","locations":[{"start":{"line":57,"column":8},"end":{"line":59,"column":9}}]},"5":{"loc":{"start":{"line":57,"column":12},"end":{"line":57,"column":66}},"type":"binary-expr","locations":[{"start":{"line":57,"column":12},"end":{"line":57,"column":33}},{"start":{"line":57,"column":37},"end":{"line":57,"column":49}},{"start":{"line":57,"column":53},"end":{"line":57,"column":66}}]},"6":{"loc":{"start":{"line":64,"column":8},"end":{"line":71,"column":9}},"type":"if","locations":[{"start":{"line":64,"column":8},"end":{"line":71,"column":9}},{"start":{"line":66,"column":15},"end":{"line":71,"column":9}}]},"7":{"loc":{"start":{"line":67,"column":12},"end":{"line":70,"column":13}},"type":"if","locations":[{"start":{"line":67,"column":12},"end":{"line":70,"column":13}}]},"8":{"loc":{"start":{"line":80,"column":8},"end":{"line":82,"column":9}},"type":"if","locations":[{"start":{"line":80,"column":8},"end":{"line":82,"column":9}}]}},"s":{"0":1,"1":1,"2":1,"3":2,"4":2,"5":2,"6":2,"7":0,"8":0,"9":0,"10":2,"11":2,"12":2,"13":1,"14":1,"15":1,"16":0,"17":0,"18":0,"19":0,"20":0,"21":0,"22":0,"23":0,"24":0,"25":0,"26":0,"27":0,"28":0,"29":0,"30":0,"31":0,"32":0,"33":0,"34":0,"35":0,"36":0,"37":0,"38":0,"39":0,"40":1},"f":{"0":2,"1":2,"2":0},"b":{"0":[0],"1":[1],"2":[0],"3":[0],"4":[0],"5":[0,0,0],"6":[0,0],"7":[0],"8":[0]}}
}
