TN:
SF:controllers\ChatController.ts
FN:10,(anonymous_7)
FN:14,(anonymous_8)
FN:14,(anonymous_9)
FN:32,(anonymous_10)
FN:32,(anonymous_11)
FN:42,(anonymous_12)
FN:42,(anonymous_13)
FN:61,(anonymous_14)
FN:61,(anonymous_15)
FN:81,(anonymous_16)
FN:81,(anonymous_17)
FN:100,(anonymous_18)
FN:100,(anonymous_19)
FNF:13
FNH:13
FNDA:1,(anonymous_7)
FNDA:26,(anonymous_8)
FNDA:26,(anonymous_9)
FNDA:2,(anonymous_10)
FNDA:2,(anonymous_11)
FNDA:4,(anonymous_12)
FNDA:4,(anonymous_13)
FNDA:9,(anonymous_14)
FNDA:9,(anonymous_15)
FNDA:4,(anonymous_16)
FNDA:4,(anonymous_17)
FNDA:4,(anonymous_18)
FNDA:4,(anonymous_19)
DA:1,1
DA:2,1
DA:3,1
DA:5,1
DA:7,1
DA:11,1
DA:14,26
DA:15,26
DA:16,1
DA:17,1
DA:19,25
DA:20,25
DA:21,25
DA:22,1
DA:23,1
DA:25,24
DA:26,1
DA:27,1
DA:29,23
DA:32,2
DA:33,2
DA:34,1
DA:35,1
DA:38,1
DA:39,1
DA:42,4
DA:43,4
DA:44,1
DA:45,1
DA:47,3
DA:48,3
DA:49,3
DA:50,3
DA:51,1
DA:52,1
DA:54,2
DA:55,1
DA:56,1
DA:58,1
DA:61,9
DA:62,9
DA:63,1
DA:64,1
DA:66,8
DA:67,8
DA:68,8
DA:69,1
DA:70,1
DA:72,7
DA:73,1
DA:74,1
DA:76,6
DA:77,6
DA:81,4
DA:82,4
DA:83,1
DA:84,1
DA:86,3
DA:87,3
DA:88,3
DA:89,3
DA:90,1
DA:91,1
DA:93,2
DA:94,1
DA:95,1
DA:97,1
DA:100,4
DA:101,4
DA:102,1
DA:103,1
DA:105,3
DA:106,3
DA:107,3
DA:108,3
DA:109,1
DA:110,1
DA:112,2
DA:113,1
DA:114,1
DA:116,1
LF:81
LH:81
BRDA:15,0,0,1
BRDA:21,1,0,1
BRDA:21,2,0,25
BRDA:21,2,1,25
BRDA:25,3,0,1
BRDA:25,4,0,24
BRDA:25,4,1,16
BRDA:33,5,0,1
BRDA:43,6,0,1
BRDA:50,7,0,1
BRDA:54,8,0,1
BRDA:54,9,0,2
BRDA:54,9,1,2
BRDA:62,10,0,1
BRDA:68,11,0,1
BRDA:68,12,0,8
BRDA:68,12,1,7
BRDA:72,13,0,1
BRDA:72,14,0,7
BRDA:72,14,1,7
BRDA:82,15,0,1
BRDA:89,16,0,1
BRDA:93,17,0,1
BRDA:101,18,0,1
BRDA:108,19,0,1
BRDA:112,20,0,1
BRDA:112,21,0,2
BRDA:112,21,1,2
BRF:28
BRH:28
end_of_record
TN:
SF:controllers\PostController.ts
FN:20,(anonymous_8)
FN:24,(anonymous_9)
FN:24,(anonymous_10)
FN:31,(anonymous_11)
FN:44,(anonymous_12)
FN:44,(anonymous_13)
FN:65,(anonymous_14)
FN:65,(anonymous_15)
FN:100,(anonymous_16)
FN:100,(anonymous_17)
FN:109,(anonymous_18)
FN:109,(anonymous_19)
FN:120,(anonymous_20)
FN:120,(anonymous_21)
FN:146,parseLocationParam
FNF:15
FNH:15
FNDA:2,(anonymous_8)
FNDA:235,(anonymous_9)
FNDA:235,(anonymous_10)
FNDA:468,(anonymous_11)
FNDA:3,(anonymous_12)
FNDA:3,(anonymous_13)
FNDA:5,(anonymous_14)
FNDA:5,(anonymous_15)
FNDA:1,(anonymous_16)
FNDA:1,(anonymous_17)
FNDA:2,(anonymous_18)
FNDA:2,(anonymous_19)
FNDA:4,(anonymous_20)
FNDA:4,(anonymous_21)
FNDA:3,parseLocationParam
DA:1,2
DA:3,2
DA:4,2
DA:5,2
DA:17,2
DA:21,2
DA:24,235
DA:25,235
DA:26,1
DA:27,1
DA:29,234
DA:30,234
DA:31,468
DA:36,234
DA:41,234
DA:44,3
DA:45,3
DA:46,3
DA:49,3
DA:57,1
DA:58,1
DA:59,1
DA:65,5
DA:66,5
DA:67,1
DA:68,1
DA:71,4
DA:72,4
DA:75,4
DA:76,4
DA:77,4
DA:78,4
DA:80,4
DA:82,4
DA:83,4
DA:86,3
DA:90,1
DA:91,1
DA:92,1
DA:93,1
DA:100,2
DA:101,1
DA:102,1
DA:106,1
DA:109,2
DA:110,2
DA:111,1
DA:112,1
DA:114,1
DA:115,1
DA:116,1
DA:117,1
DA:120,4
DA:121,4
DA:122,1
DA:123,1
DA:125,3
DA:128,3
DA:129,3
DA:130,3
DA:131,1
DA:133,2
DA:134,1
DA:137,1
DA:147,3
DA:150,3
DA:151,3
DA:152,3
DA:153,3
DA:155,3
LF:70
LH:70
BRDA:25,0,0,1
BRDA:57,1,0,1
BRDA:66,2,0,1
BRDA:75,3,0,3
BRDA:75,3,1,1
BRDA:76,4,0,2
BRDA:76,4,1,2
BRDA:77,5,0,2
BRDA:77,5,1,2
BRDA:78,6,0,2
BRDA:78,6,1,2
BRDA:90,7,0,1
BRDA:110,8,0,1
BRDA:121,9,0,1
BRDA:130,10,0,1
BRDA:130,10,1,2
BRDA:133,11,0,1
BRDA:133,11,1,1
BRDA:150,12,0,2
BRDA:150,12,1,1
BRDA:151,13,0,1
BRDA:151,13,1,2
BRDA:152,14,0,1
BRDA:152,14,1,2
BRDA:153,15,0,1
BRDA:153,15,1,2
BRF:26
BRH:26
end_of_record
TN:
SF:controllers\RecommendationController.ts
FN:10,(anonymous_7)
FN:14,(anonymous_8)
FN:14,(anonymous_9)
FN:34,(anonymous_10)
FN:47,(anonymous_11)
FN:62,(anonymous_12)
FN:97,(anonymous_13)
FN:98,(anonymous_14)
FN:99,(anonymous_15)
FN:100,(anonymous_16)
FN:104,(anonymous_17)
FN:110,(anonymous_18)
FNF:12
FNH:12
FNDA:2,(anonymous_7)
FNDA:9,(anonymous_8)
FNDA:9,(anonymous_9)
FNDA:66,(anonymous_10)
FNDA:72,(anonymous_11)
FNDA:78,(anonymous_12)
FNDA:51,(anonymous_13)
FNDA:679,(anonymous_14)
FNDA:10896,(anonymous_15)
FNDA:10896,(anonymous_16)
FNDA:51,(anonymous_17)
FNDA:405,(anonymous_18)
DA:1,1
DA:3,1
DA:6,1
DA:11,2
DA:14,9
DA:15,9
DA:16,1
DA:17,1
DA:20,8
DA:21,8
DA:22,8
DA:24,8
DA:25,8
DA:27,8
DA:28,8
DA:29,30
DA:30,30
DA:31,30
DA:32,30
DA:34,30
DA:35,66
DA:36,36
DA:41,8
DA:42,8
DA:43,4
DA:44,12
DA:45,12
DA:46,12
DA:47,12
DA:48,72
DA:49,40
DA:55,12
DA:59,4
DA:61,4
DA:62,4
DA:63,78
DA:64,78
DA:65,78
DA:66,78
DA:67,72
DA:73,8
DA:75,8
DA:76,39
DA:77,39
DA:78,39
DA:81,8
DA:82,8
DA:83,35
DA:84,35
DA:85,2
DA:87,33
DA:88,33
DA:89,33
DA:90,33
DA:91,67
DA:94,8
DA:98,51
DA:99,10896
DA:100,10896
DA:105,51
DA:106,5
DA:109,46
DA:110,405
LF:63
LH:63
BRDA:15,0,0,1
BRDA:21,1,0,6
BRDA:21,1,1,2
BRDA:27,2,0,8
BRDA:35,3,0,36
BRDA:42,4,0,4
BRDA:42,4,1,4
BRDA:43,5,0,16
BRDA:43,5,1,12
BRDA:46,6,0,12
BRDA:48,7,0,40
BRDA:61,8,0,4
BRDA:66,9,0,72
BRDA:75,10,0,47
BRDA:75,10,1,41
BRDA:84,11,0,2
BRDA:105,12,0,5
BRF:17
BRH:17
end_of_record
TN:
SF:controllers\UserController.ts
FN:8,(anonymous_7)
FN:14,(anonymous_8)
FN:19,(anonymous_10)
FNF:3
FNH:3
FNDA:1,(anonymous_7)
FNDA:2,(anonymous_8)
FNDA:1,(anonymous_10)
DA:1,1
DA:5,1
DA:9,1
DA:10,1
DA:11,1
DA:15,2
DA:16,2
DA:20,1
DA:21,1
DA:23,1
DA:24,1
DA:25,1
DA:28,0
DA:29,0
DA:30,0
DA:34,0
DA:35,0
DA:36,0
LF:18
LH:12
BRDA:23,0,0,1
BRDA:23,1,0,1
BRDA:23,1,1,0
BRF:3
BRH:2
end_of_record
TN:
SF:errors\customError.ts
FN:5,(anonymous_0)
FNF:1
FNH:1
FNDA:5,(anonymous_0)
DA:6,5
DA:7,5
DA:11,2
LF:3
LH:3
BRF:0
BRH:0
end_of_record
TN:
SF:middleware\verifyToken.ts
FN:6,(anonymous_1)
FNF:1
FNH:0
FNDA:0,(anonymous_1)
DA:1,0
DA:6,0
DA:7,0
DA:8,0
DA:10,0
DA:11,0
DA:12,0
DA:15,0
DA:16,0
DA:18,0
DA:22,0
DA:23,0
DA:24,0
DA:25,0
DA:27,0
DA:28,0
DA:29,0
DA:35,0
DA:36,0
LF:19
LH:0
BRDA:7,0,0,0
BRDA:7,0,1,0
BRDA:7,1,0,0
BRDA:7,1,1,0
BRDA:10,2,0,0
BRDA:15,3,0,0
BRDA:15,3,1,0
BRF:7
BRH:0
end_of_record
TN:
SF:model\ChatModel.ts
FNF:0
FNH:0
DA:1,1
DA:8,1
DA:13,1
LF:3
LH:3
BRF:0
BRH:0
end_of_record
TN:
SF:model\MessageModel.ts
FNF:0
FNH:0
DA:1,1
DA:9,1
DA:15,1
LF:3
LH:3
BRF:0
BRH:0
end_of_record
TN:
SF:model\PostModel.ts
FNF:0
FNH:0
DA:1,2
DA:16,2
DA:27,2
LF:3
LH:3
BRF:0
BRH:0
end_of_record
TN:
SF:model\UserModel.ts
FNF:0
FNH:0
DA:1,1
DA:12,1
DA:19,1
LF:3
LH:3
BRF:0
BRH:0
end_of_record
TN:
SF:routes\ChatRoutes.ts
FNF:0
FNH:0
DA:1,0
DA:4,0
DA:6,0
LF:3
LH:0
BRF:0
BRH:0
end_of_record
TN:
SF:routes\PostRoutes.ts
FNF:0
FNH:0
DA:1,0
DA:4,0
DA:6,0
LF:3
LH:0
BRF:0
BRH:0
end_of_record
TN:
SF:routes\RecommendationRoutes.ts
FNF:0
FNH:0
DA:1,1
DA:4,1
DA:6,1
LF:3
LH:3
BRF:0
BRH:0
end_of_record
TN:
SF:routes\UserRoutes.ts
FN:12,(anonymous_0)
FN:20,(anonymous_1)
FNF:2
FNH:0
FNDA:0,(anonymous_0)
FNDA:0,(anonymous_1)
DA:2,0
DA:5,0
DA:7,0
DA:12,0
DA:20,0
LF:5
LH:0
BRF:0
BRH:0
end_of_record
TN:
SF:service\ChatService.ts
FN:5,(anonymous_7)
FN:24,(anonymous_9)
FN:35,(anonymous_11)
FN:46,(anonymous_13)
FN:57,(anonymous_15)
FN:73,(anonymous_17)
FN:89,(anonymous_19)
FNF:7
FNH:7
FNDA:23,(anonymous_7)
FNDA:1,(anonymous_9)
FNDA:1,(anonymous_11)
FNDA:1,(anonymous_13)
FNDA:1,(anonymous_15)
FNDA:6,(anonymous_17)
FNDA:1,(anonymous_19)
DA:1,1
DA:2,1
DA:4,1
DA:6,23
DA:7,23
DA:10,23
DA:11,1
DA:12,1
DA:14,22
DA:15,22
DA:17,0
DA:18,0
DA:20,0
DA:25,1
DA:26,1
DA:28,0
DA:29,0
DA:31,0
DA:36,1
DA:37,1
DA:39,0
DA:40,0
DA:42,0
DA:47,1
DA:48,1
DA:50,0
DA:51,0
DA:53,0
DA:58,1
DA:59,1
DA:60,1
DA:61,1
DA:62,1
DA:64,1
DA:66,0
DA:67,0
DA:69,0
DA:78,6
DA:79,6
DA:80,6
DA:82,0
DA:83,0
DA:85,0
DA:90,1
DA:91,1
DA:92,1
DA:93,1
DA:95,1
DA:97,0
DA:98,0
DA:100,0
LF:51
LH:30
BRDA:10,0,0,1
BRDA:17,1,0,0
BRDA:28,2,0,0
BRDA:39,3,0,0
BRDA:50,4,0,0
BRDA:61,5,0,1
BRDA:66,6,0,0
BRDA:82,7,0,0
BRDA:92,8,0,1
BRDA:97,9,0,0
BRF:10
BRH:3
end_of_record
TN:
SF:service\PostService.ts
FN:24,(anonymous_8)
FN:33,(anonymous_10)
FN:44,(anonymous_12)
FN:54,(anonymous_14)
FN:68,(anonymous_16)
FN:98,(anonymous_18)
FN:109,(anonymous_20)
FN:129,(anonymous_21)
FN:150,(anonymous_23)
FN:151,(anonymous_24)
FN:151,(anonymous_25)
FN:152,(anonymous_26)
FN:166,(anonymous_27)
FN:175,(anonymous_29)
FN:192,isMissingCoordinate
FN:193,(anonymous_32)
FNF:16
FNH:16
FNDA:1,(anonymous_8)
FNDA:234,(anonymous_10)
FNDA:1,(anonymous_12)
FNDA:1,(anonymous_14)
FNDA:5,(anonymous_16)
FNDA:5,(anonymous_18)
FNDA:8,(anonymous_20)
FNDA:24,(anonymous_21)
FNDA:4,(anonymous_23)
FNDA:3,(anonymous_24)
FNDA:7,(anonymous_25)
FNDA:3,(anonymous_26)
FNDA:4,(anonymous_27)
FNDA:63,(anonymous_29)
FNDA:5,isMissingCoordinate
FNDA:20,(anonymous_32)
DA:1,2
DA:2,2
DA:3,2
DA:23,2
DA:25,1
DA:26,1
DA:28,0
DA:29,0
DA:34,234
DA:35,234
DA:36,234
DA:38,0
DA:39,0
DA:45,1
DA:46,1
DA:47,1
DA:49,0
DA:50,0
DA:55,1
DA:56,1
DA:58,0
DA:59,0
DA:75,5
DA:76,5
DA:77,2
DA:80,3
DA:83,3
DA:84,2
DA:86,3
DA:87,2
DA:91,3
DA:105,5
DA:106,5
DA:109,8
DA:110,3
DA:112,2
DA:113,2
DA:115,0
DA:116,0
DA:139,24
DA:140,24
DA:141,24
DA:142,22
DA:145,2
DA:147,1
DA:150,4
DA:151,7
DA:152,3
DA:156,1
DA:157,1
DA:159,0
DA:160,0
DA:167,4
DA:168,4
DA:170,0
DA:171,0
DA:176,63
DA:177,63
DA:178,33
DA:180,30
DA:182,0
DA:183,0
DA:193,20
DA:194,5
DA:195,2
DA:198,3
LF:66
LH:50
BRDA:76,0,0,2
BRDA:83,1,0,2
BRDA:86,2,0,2
BRDA:112,3,0,2
BRDA:112,3,1,0
BRDA:141,4,0,22
BRDA:141,4,1,2
BRDA:145,5,0,1
BRDA:145,5,1,0
BRDA:145,6,0,2
BRDA:145,6,1,1
BRDA:156,7,0,1
BRDA:156,7,1,0
BRDA:177,8,0,33
BRDA:177,8,1,30
BRDA:194,9,0,2
BRDA:194,9,1,3
BRDA:194,10,0,5
BRDA:194,10,1,4
BRF:19
BRH:16
end_of_record
TN:
SF:service\UserService.ts
FN:7,(anonymous_7)
FN:24,(anonymous_9)
FN:38,(anonymous_11)
FNF:3
FNH:2
FNDA:2,(anonymous_7)
FNDA:2,(anonymous_9)
FNDA:0,(anonymous_11)
DA:1,1
DA:2,1
DA:3,1
DA:5,1
DA:8,2
DA:9,2
DA:14,2
DA:15,2
DA:17,0
DA:18,0
DA:20,0
DA:25,2
DA:26,2
DA:27,2
DA:28,1
DA:29,1
DA:31,1
DA:33,0
DA:34,0
DA:40,0
DA:41,0
DA:43,0
DA:44,0
DA:46,0
DA:47,0
DA:49,0
DA:51,0
DA:56,0
DA:57,0
DA:58,0
DA:62,0
DA:64,0
DA:65,0
DA:67,0
DA:68,0
DA:69,0
DA:74,0
DA:79,0
DA:80,0
DA:81,0
DA:84,0
LF:41
LH:14
BRDA:17,0,0,0
BRDA:27,1,0,1
BRDA:40,2,0,0
BRDA:43,3,0,0
BRDA:57,4,0,0
BRDA:57,5,0,0
BRDA:57,5,1,0
BRDA:57,5,2,0
BRDA:64,6,0,0
BRDA:64,6,1,0
BRDA:67,7,0,0
BRDA:80,8,0,0
BRF:12
BRH:1
end_of_record
