TN:
SF:controllers/ChatController.ts
FN:10,(anonymous_7)
FN:14,(anonymous_8)
FN:14,(anonymous_9)
FN:32,(anonymous_10)
FN:32,(anonymous_11)
FN:42,(anonymous_12)
FN:42,(anonymous_13)
FN:61,(anonymous_14)
FN:61,(anonymous_15)
FN:81,(anonymous_16)
FN:81,(anonymous_17)
FN:100,(anonymous_18)
FN:100,(anonymous_19)
FNF:13
FNH:13
FNDA:2,(anonymous_7)
FNDA:35,(anonymous_8)
FNDA:35,(anonymous_9)
FNDA:3,(anonymous_10)
FNDA:3,(anonymous_11)
FNDA:5,(anonymous_12)
FNDA:5,(anonymous_13)
FNDA:11,(anonymous_14)
FNDA:11,(anonymous_15)
FNDA:5,(anonymous_16)
FNDA:5,(anonymous_17)
FNDA:5,(anonymous_18)
FNDA:5,(anonymous_19)
DA:1,2
DA:2,2
DA:3,2
DA:5,2
DA:7,2
DA:11,2
DA:14,35
DA:15,35
DA:16,1
DA:17,1
DA:19,34
DA:20,34
DA:21,34
DA:22,1
DA:23,1
DA:25,33
DA:26,1
DA:27,1
DA:29,32
DA:32,3
DA:33,3
DA:34,1
DA:35,1
DA:38,2
DA:39,2
DA:42,5
DA:43,5
DA:44,1
DA:45,1
DA:47,4
DA:48,4
DA:49,4
DA:50,4
DA:51,1
DA:52,1
DA:54,3
DA:55,1
DA:56,1
DA:58,2
DA:61,11
DA:62,11
DA:63,1
DA:64,1
DA:66,10
DA:67,10
DA:68,10
DA:69,1
DA:70,1
DA:72,9
DA:73,1
DA:74,1
DA:76,8
DA:77,8
DA:81,5
DA:82,5
DA:83,1
DA:84,1
DA:86,4
DA:87,4
DA:88,4
DA:89,4
DA:90,1
DA:91,1
DA:93,3
DA:94,1
DA:95,1
DA:97,2
DA:100,5
DA:101,5
DA:102,1
DA:103,1
DA:105,4
DA:106,4
DA:107,4
DA:108,4
DA:109,1
DA:110,1
DA:112,3
DA:113,1
DA:114,1
DA:116,2
LF:81
LH:81
BRDA:15,0,0,1
BRDA:21,1,0,1
BRDA:21,2,0,34
BRDA:21,2,1,34
BRDA:25,3,0,1
BRDA:25,4,0,33
BRDA:25,4,1,21
BRDA:33,5,0,1
BRDA:43,6,0,1
BRDA:50,7,0,1
BRDA:54,8,0,1
BRDA:54,9,0,3
BRDA:54,9,1,2
BRDA:62,10,0,1
BRDA:68,11,0,1
BRDA:68,12,0,10
BRDA:68,12,1,9
BRDA:72,13,0,1
BRDA:72,14,0,9
BRDA:72,14,1,9
BRDA:82,15,0,1
BRDA:89,16,0,1
BRDA:93,17,0,1
BRDA:101,18,0,1
BRDA:108,19,0,1
BRDA:112,20,0,1
BRDA:112,21,0,3
BRDA:112,21,1,2
BRF:28
BRH:28
end_of_record
TN:
SF:controllers/PostController.ts
FN:20,(anonymous_8)
FN:24,(anonymous_9)
FN:24,(anonymous_10)
FN:31,(anonymous_11)
FN:44,(anonymous_12)
FN:44,(anonymous_13)
FN:65,(anonymous_14)
FN:65,(anonymous_15)
FN:100,(anonymous_16)
FN:100,(anonymous_17)
FN:109,(anonymous_18)
FN:109,(anonymous_19)
FN:120,(anonymous_20)
FN:120,(anonymous_21)
FN:146,parseLocationParam
FNF:15
FNH:15
FNDA:4,(anonymous_8)
FNDA:250,(anonymous_9)
FNDA:250,(anonymous_10)
FNDA:498,(anonymous_11)
FNDA:4,(anonymous_12)
FNDA:4,(anonymous_13)
FNDA:7,(anonymous_14)
FNDA:7,(anonymous_15)
FNDA:2,(anonymous_16)
FNDA:2,(anonymous_17)
FNDA:3,(anonymous_18)
FNDA:3,(anonymous_19)
FNDA:5,(anonymous_20)
FNDA:5,(anonymous_21)
FNDA:4,parseLocationParam
DA:1,4
DA:3,4
DA:4,4
DA:5,4
DA:17,4
DA:21,4
DA:24,250
DA:25,250
DA:26,1
DA:27,1
DA:29,249
DA:30,249
DA:31,498
DA:36,249
DA:41,249
DA:44,4
DA:45,4
DA:46,4
DA:49,4
DA:57,1
DA:58,1
DA:59,1
DA:65,7
DA:66,7
DA:67,1
DA:68,1
DA:71,6
DA:72,6
DA:75,6
DA:76,6
DA:77,6
DA:78,6
DA:80,6
DA:82,6
DA:83,6
DA:86,5
DA:90,1
DA:91,1
DA:92,1
DA:93,1
DA:100,4
DA:101,2
DA:102,2
DA:106,2
DA:109,4
DA:110,3
DA:111,1
DA:112,1
DA:114,2
DA:115,2
DA:116,2
DA:117,2
DA:120,5
DA:121,5
DA:122,1
DA:123,1
DA:125,4
DA:128,4
DA:129,4
DA:130,4
DA:131,1
DA:133,3
DA:134,1
DA:137,2
DA:147,4
DA:150,4
DA:151,4
DA:152,4
DA:153,4
DA:155,4
LF:70
LH:70
BRDA:25,0,0,1
BRDA:57,1,0,1
BRDA:66,2,0,1
BRDA:75,3,0,4
BRDA:75,3,1,2
BRDA:76,4,0,3
BRDA:76,4,1,3
BRDA:77,5,0,3
BRDA:77,5,1,3
BRDA:78,6,0,3
BRDA:78,6,1,3
BRDA:90,7,0,1
BRDA:110,8,0,1
BRDA:121,9,0,1
BRDA:130,10,0,1
BRDA:130,10,1,3
BRDA:133,11,0,1
BRDA:133,11,1,2
BRDA:150,12,0,3
BRDA:150,12,1,1
BRDA:151,13,0,2
BRDA:151,13,1,2
BRDA:152,14,0,2
BRDA:152,14,1,2
BRDA:153,15,0,2
BRDA:153,15,1,2
BRF:26
BRH:26
end_of_record
TN:
SF:controllers/RecommendationController.ts
FN:10,(anonymous_7)
FN:14,(anonymous_8)
FN:14,(anonymous_9)
FN:34,(anonymous_10)
FN:47,(anonymous_11)
FN:62,(anonymous_12)
FN:93,(anonymous_13)
FN:94,(anonymous_14)
FN:95,(anonymous_15)
FN:96,(anonymous_16)
FN:107,(anonymous_17)
FN:113,(anonymous_18)
FNF:12
FNH:12
FNDA:2,(anonymous_7)
FNDA:9,(anonymous_8)
FNDA:9,(anonymous_9)
FNDA:66,(anonymous_10)
FNDA:72,(anonymous_11)
FNDA:78,(anonymous_12)
FNDA:52,(anonymous_13)
FNDA:679,(anonymous_14)
FNDA:10896,(anonymous_15)
FNDA:10896,(anonymous_16)
FNDA:51,(anonymous_17)
FNDA:405,(anonymous_18)
DA:1,1
DA:3,1
DA:6,1
DA:11,2
DA:14,9
DA:15,9
DA:16,1
DA:17,1
DA:20,8
DA:21,8
DA:22,8
DA:24,8
DA:25,8
DA:27,8
DA:28,8
DA:29,30
DA:30,30
DA:31,30
DA:32,30
DA:34,30
DA:35,66
DA:36,36
DA:41,8
DA:42,8
DA:43,4
DA:44,12
DA:45,12
DA:46,12
DA:47,12
DA:48,72
DA:49,40
DA:55,12
DA:59,4
DA:61,4
DA:62,4
DA:63,78
DA:64,78
DA:65,78
DA:66,78
DA:67,72
DA:73,8
DA:75,8
DA:76,39
DA:77,39
DA:78,39
DA:81,8
DA:82,8
DA:83,33
DA:84,33
DA:85,33
DA:86,33
DA:87,67
DA:90,8
DA:94,52
DA:95,10896
DA:96,10896
DA:99,52
DA:100,51
DA:103,1
DA:108,51
DA:109,5
DA:112,46
DA:113,405
LF:63
LH:63
BRDA:15,0,0,1
BRDA:21,1,0,6
BRDA:21,1,1,2
BRDA:27,2,0,8
BRDA:35,3,0,36
BRDA:42,4,0,4
BRDA:42,4,1,4
BRDA:43,5,0,16
BRDA:43,5,1,12
BRDA:46,6,0,12
BRDA:48,7,0,40
BRDA:61,8,0,4
BRDA:66,9,0,72
BRDA:75,10,0,47
BRDA:75,10,1,41
BRDA:99,11,0,51
BRDA:99,11,1,1
BRDA:108,12,0,5
BRF:18
BRH:18
end_of_record
TN:
SF:controllers/UserController.ts
FN:8,(anonymous_7)
FN:14,(anonymous_8)
FN:19,(anonymous_10)
FNF:3
FNH:3
FNDA:3,(anonymous_7)
FNDA:4,(anonymous_8)
FNDA:6,(anonymous_10)
DA:1,3
DA:5,3
DA:9,3
DA:10,3
DA:11,3
DA:15,4
DA:16,4
DA:20,6
DA:21,6
DA:23,6
DA:24,1
DA:25,1
DA:28,5
DA:29,2
DA:30,2
DA:34,3
DA:35,3
DA:36,3
LF:18
LH:18
BRDA:23,0,0,1
BRDA:23,1,0,6
BRDA:23,1,1,5
BRF:3
BRH:3
end_of_record
TN:
SF:errors/customError.ts
FN:5,(anonymous_0)
FNF:1
FNH:1
FNDA:5,(anonymous_0)
DA:6,5
DA:7,5
DA:11,4
LF:3
LH:3
BRF:0
BRH:0
end_of_record
TN:
SF:middleware/verifyToken.ts
FN:6,(anonymous_1)
FNF:1
FNH:1
FNDA:37,(anonymous_1)
DA:1,4
DA:6,4
DA:7,37
DA:8,37
DA:10,37
DA:11,1
DA:12,1
DA:15,36
DA:16,1
DA:18,1
DA:19,1
DA:23,35
DA:24,35
DA:25,34
DA:26,34
DA:28,1
DA:29,1
DA:30,1
LF:18
LH:18
BRDA:7,0,0,1
BRDA:7,0,1,36
BRDA:7,1,0,37
BRDA:7,1,1,37
BRDA:10,2,0,1
BRDA:15,3,0,1
BRDA:15,3,1,35
BRF:7
BRH:7
end_of_record
TN:
SF:model/ChatModel.ts
FNF:0
FNH:0
DA:1,2
DA:8,2
DA:13,2
LF:3
LH:3
BRF:0
BRH:0
end_of_record
TN:
SF:model/MessageModel.ts
FNF:0
FNH:0
DA:1,2
DA:9,2
DA:15,2
LF:3
LH:3
BRF:0
BRH:0
end_of_record
TN:
SF:model/PostModel.ts
FNF:0
FNH:0
DA:1,4
DA:16,4
DA:27,4
LF:3
LH:3
BRF:0
BRH:0
end_of_record
TN:
SF:model/UserModel.ts
FNF:0
FNH:0
DA:1,3
DA:12,3
DA:19,3
LF:3
LH:3
BRF:0
BRH:0
end_of_record
TN:
SF:routes/ChatRoutes.ts
FNF:0
FNH:0
DA:1,1
DA:4,1
DA:6,1
LF:3
LH:3
BRF:0
BRH:0
end_of_record
TN:
SF:routes/PostRoutes.ts
FNF:0
FNH:0
DA:1,1
DA:4,1
DA:6,1
LF:3
LH:3
BRF:0
BRH:0
end_of_record
TN:
SF:routes/RecommendationRoutes.ts
FNF:0
FNH:0
DA:1,1
DA:4,1
DA:6,1
LF:3
LH:3
BRF:0
BRH:0
end_of_record
TN:
SF:routes/UserRoutes.ts
FN:12,(anonymous_0)
FN:20,(anonymous_1)
FNF:2
FNH:2
FNDA:4,(anonymous_0)
FNDA:2,(anonymous_1)
DA:2,1
DA:5,1
DA:7,1
DA:12,4
DA:20,2
LF:5
LH:5
BRF:0
BRH:0
end_of_record
TN:
SF:service/ChatService.ts
FN:5,(anonymous_7)
FN:24,(anonymous_9)
FN:35,(anonymous_11)
FN:46,(anonymous_13)
FN:57,(anonymous_15)
FN:73,(anonymous_17)
FN:89,(anonymous_19)
FNF:7
FNH:7
FNDA:32,(anonymous_7)
FNDA:2,(anonymous_9)
FNDA:2,(anonymous_11)
FNDA:2,(anonymous_13)
FNDA:2,(anonymous_15)
FNDA:8,(anonymous_17)
FNDA:2,(anonymous_19)
DA:1,2
DA:2,2
DA:4,2
DA:6,32
DA:7,32
DA:10,31
DA:11,1
DA:12,1
DA:14,30
DA:15,30
DA:17,1
DA:18,1
DA:20,1
DA:25,2
DA:26,2
DA:28,1
DA:29,1
DA:31,1
DA:36,2
DA:37,2
DA:39,1
DA:40,1
DA:42,1
DA:47,2
DA:48,2
DA:50,1
DA:51,1
DA:53,1
DA:58,2
DA:59,2
DA:60,2
DA:61,2
DA:62,2
DA:64,1
DA:66,1
DA:67,1
DA:69,1
DA:78,8
DA:79,8
DA:80,8
DA:82,1
DA:83,1
DA:85,1
DA:90,2
DA:91,2
DA:92,2
DA:93,2
DA:95,1
DA:97,1
DA:98,1
DA:100,1
LF:51
LH:51
BRDA:10,0,0,1
BRDA:17,1,0,1
BRDA:28,2,0,1
BRDA:39,3,0,1
BRDA:50,4,0,1
BRDA:61,5,0,2
BRDA:66,6,0,1
BRDA:82,7,0,1
BRDA:92,8,0,2
BRDA:97,9,0,1
BRF:10
BRH:10
end_of_record
TN:
SF:service/PostService.ts
FN:24,(anonymous_8)
FN:33,(anonymous_10)
FN:44,(anonymous_12)
FN:54,(anonymous_14)
FN:68,(anonymous_16)
FN:98,(anonymous_18)
FN:109,(anonymous_20)
FN:129,(anonymous_21)
FN:150,(anonymous_23)
FN:151,(anonymous_24)
FN:151,(anonymous_25)
FN:166,(anonymous_26)
FN:175,(anonymous_28)
FN:192,isMissingCoordinate
FN:193,(anonymous_31)
FNF:15
FNH:15
FNDA:2,(anonymous_8)
FNDA:249,(anonymous_10)
FNDA:2,(anonymous_12)
FNDA:2,(anonymous_14)
FNDA:6,(anonymous_16)
FNDA:7,(anonymous_18)
FNDA:8,(anonymous_20)
FNDA:26,(anonymous_21)
FNDA:6,(anonymous_23)
FNDA:5,(anonymous_24)
FNDA:10,(anonymous_25)
FNDA:5,(anonymous_26)
FNDA:64,(anonymous_28)
FNDA:6,isMissingCoordinate
FNDA:24,(anonymous_31)
DA:1,4
DA:2,4
DA:3,4
DA:23,4
DA:25,2
DA:26,2
DA:28,1
DA:29,1
DA:34,249
DA:35,249
DA:36,249
DA:38,1
DA:39,1
DA:45,2
DA:46,2
DA:47,1
DA:49,1
DA:50,1
DA:55,2
DA:56,2
DA:58,1
DA:59,1
DA:75,6
DA:76,6
DA:77,2
DA:80,4
DA:83,4
DA:84,3
DA:86,4
DA:87,3
DA:91,4
DA:105,7
DA:106,7
DA:109,8
DA:110,3
DA:112,4
DA:113,2
DA:115,2
DA:116,2
DA:139,26
DA:140,26
DA:141,25
DA:142,22
DA:145,3
DA:147,2
DA:150,6
DA:151,10
DA:152,2
DA:156,2
DA:157,1
DA:159,1
DA:160,1
DA:167,5
DA:168,5
DA:170,1
DA:171,1
DA:176,64
DA:177,64
DA:178,33
DA:180,31
DA:182,1
DA:183,1
DA:193,24
DA:194,6
DA:195,2
DA:198,4
LF:66
LH:66
BRDA:76,0,0,2
BRDA:83,1,0,3
BRDA:86,2,0,3
BRDA:112,3,0,2
BRDA:112,3,1,2
BRDA:141,4,0,22
BRDA:141,4,1,3
BRDA:145,5,0,1
BRDA:145,5,1,1
BRDA:145,6,0,3
BRDA:145,6,1,1
BRDA:156,7,0,1
BRDA:156,7,1,1
BRDA:177,8,0,33
BRDA:177,8,1,31
BRDA:194,9,0,2
BRDA:194,9,1,4
BRDA:194,10,0,6
BRDA:194,10,1,5
BRF:19
BRH:19
end_of_record
TN:
SF:service/UserService.ts
FN:7,(anonymous_7)
FN:24,(anonymous_9)
FN:38,(anonymous_11)
FNF:3
FNH:3
FNDA:5,(anonymous_7)
FNDA:6,(anonymous_9)
FNDA:5,(anonymous_11)
DA:1,3
DA:2,3
DA:3,3
DA:5,3
DA:8,5
DA:9,5
DA:14,5
DA:15,5
DA:17,1
DA:18,1
DA:20,1
DA:25,6
DA:26,6
DA:27,5
DA:28,2
DA:29,2
DA:31,3
DA:33,1
DA:34,1
DA:40,5
DA:41,1
DA:43,4
DA:44,1
DA:46,3
DA:47,3
DA:49,3
DA:51,3
DA:56,3
DA:57,3
DA:58,1
DA:62,2
DA:64,2
DA:65,1
DA:67,1
DA:68,1
DA:69,1
DA:74,2
DA:79,2
DA:80,2
DA:81,2
DA:84,2
LF:41
LH:41
BRDA:17,0,0,1
BRDA:27,1,0,2
BRDA:40,2,0,1
BRDA:43,3,0,1
BRDA:57,4,0,1
BRDA:57,5,0,3
BRDA:57,5,1,3
BRDA:57,5,2,2
BRDA:64,6,0,1
BRDA:64,6,1,1
BRDA:67,7,0,1
BRDA:80,8,0,2
BRF:12
BRH:12
end_of_record
